{"C:\\my properties\\now\\andela's document\\BootComp\\FreeMentor\\server\\test\\authTest.js":{"path":"C:\\my properties\\now\\andela's document\\BootComp\\FreeMentor\\server\\test\\authTest.js","statementMap":{"0":{"start":{"line":3,"column":20},"end":{"line":3,"column":67}},"1":{"start":{"line":5,"column":12},"end":{"line":5,"column":51}},"2":{"start":{"line":7,"column":16},"end":{"line":7,"column":60}},"3":{"start":{"line":9,"column":14},"end":{"line":9,"column":58}},"4":{"start":{"line":11,"column":14},"end":{"line":11,"column":55}},"5":{"start":{"line":13,"column":18},"end":{"line":13,"column":85}},"6":{"start":{"line":15,"column":12},"end":{"line":15,"column":33}},"7":{"start":{"line":17,"column":39},"end":{"line":17,"column":95}},"8":{"start":{"line":19,"column":54},"end":{"line":19,"column":84}},"9":{"start":{"line":19,"column":74},"end":{"line":19,"column":84}},"10":{"start":{"line":19,"column":98},"end":{"line":19,"column":145}},"11":{"start":{"line":19,"column":159},"end":{"line":19,"column":475}},"12":{"start":{"line":19,"column":218},"end":{"line":19,"column":254}},"13":{"start":{"line":19,"column":256},"end":{"line":19,"column":473}},"14":{"start":{"line":19,"column":304},"end":{"line":19,"column":330}},"15":{"start":{"line":19,"column":331},"end":{"line":19,"column":372}},"16":{"start":{"line":19,"column":363},"end":{"line":19,"column":372}},"17":{"start":{"line":19,"column":373},"end":{"line":19,"column":444}},"18":{"start":{"line":19,"column":435},"end":{"line":19,"column":444}},"19":{"start":{"line":19,"column":445},"end":{"line":19,"column":471}},"20":{"start":{"line":19,"column":476},"end":{"line":19,"column":490}},"21":{"start":{"line":21,"column":59},"end":{"line":21,"column":89}},"22":{"start":{"line":21,"column":79},"end":{"line":21,"column":89}},"23":{"start":{"line":21,"column":103},"end":{"line":21,"column":105}},"24":{"start":{"line":21,"column":124},"end":{"line":21,"column":143}},"25":{"start":{"line":21,"column":157},"end":{"line":21,"column":290}},"26":{"start":{"line":21,"column":199},"end":{"line":21,"column":219}},"27":{"start":{"line":21,"column":220},"end":{"line":21,"column":261}},"28":{"start":{"line":21,"column":252},"end":{"line":21,"column":261}},"29":{"start":{"line":21,"column":262},"end":{"line":21,"column":288}},"30":{"start":{"line":21,"column":291},"end":{"line":21,"column":305}},"31":{"start":{"line":23,"column":0},"end":{"line":23,"column":28}},"32":{"start":{"line":25,"column":0},"end":{"line":25,"column":43}},"33":{"start":{"line":27,"column":13},"end":{"line":27,"column":36}},"34":{"start":{"line":29,"column":18},"end":{"line":33,"column":26}},"35":{"start":{"line":36,"column":24},"end":{"line":40,"column":26}},"36":{"start":{"line":42,"column":10},"end":{"line":42,"column":49}},"37":{"start":{"line":44,"column":16},"end":{"line":48,"column":26}},"38":{"start":{"line":50,"column":19},"end":{"line":50,"column":50}},"39":{"start":{"line":52,"column":17},"end":{"line":56,"column":26}},"40":{"start":{"line":58,"column":21},"end":{"line":58,"column":53}},"41":{"start":{"line":60,"column":16},"end":{"line":64,"column":26}},"42":{"start":{"line":66,"column":20},"end":{"line":66,"column":51}},"43":{"start":{"line":68,"column":16},"end":{"line":68,"column":76}},"44":{"start":{"line":70,"column":13},"end":{"line":70,"column":47}},"45":{"start":{"line":72,"column":14},"end":{"line":72,"column":46}},"46":{"start":{"line":74,"column":13},"end":{"line":74,"column":45}},"47":{"start":{"line":76,"column":0},"end":{"line":89,"column":3}},"48":{"start":{"line":77,"column":2},"end":{"line":79,"column":5}},"49":{"start":{"line":78,"column":4},"end":{"line":78,"column":41}},"50":{"start":{"line":80,"column":2},"end":{"line":82,"column":5}},"51":{"start":{"line":81,"column":4},"end":{"line":81,"column":38}},"52":{"start":{"line":83,"column":2},"end":{"line":85,"column":5}},"53":{"start":{"line":84,"column":4},"end":{"line":84,"column":38}},"54":{"start":{"line":86,"column":2},"end":{"line":88,"column":5}},"55":{"start":{"line":87,"column":4},"end":{"line":87,"column":38}},"56":{"start":{"line":90,"column":0},"end":{"line":158,"column":3}},"57":{"start":{"line":91,"column":2},"end":{"line":98,"column":5}},"58":{"start":{"line":92,"column":4},"end":{"line":97,"column":7}},"59":{"start":{"line":93,"column":6},"end":{"line":93,"column":42}},"60":{"start":{"line":94,"column":6},"end":{"line":94,"column":39}},"61":{"start":{"line":95,"column":6},"end":{"line":95,"column":83}},"62":{"start":{"line":96,"column":6},"end":{"line":96,"column":13}},"63":{"start":{"line":99,"column":2},"end":{"line":106,"column":5}},"64":{"start":{"line":100,"column":4},"end":{"line":105,"column":7}},"65":{"start":{"line":101,"column":6},"end":{"line":101,"column":42}},"66":{"start":{"line":102,"column":6},"end":{"line":102,"column":39}},"67":{"start":{"line":103,"column":6},"end":{"line":103,"column":73}},"68":{"start":{"line":104,"column":6},"end":{"line":104,"column":13}},"69":{"start":{"line":107,"column":2},"end":{"line":114,"column":5}},"70":{"start":{"line":108,"column":4},"end":{"line":113,"column":7}},"71":{"start":{"line":109,"column":6},"end":{"line":109,"column":42}},"72":{"start":{"line":110,"column":6},"end":{"line":110,"column":39}},"73":{"start":{"line":111,"column":6},"end":{"line":111,"column":59}},"74":{"start":{"line":112,"column":6},"end":{"line":112,"column":13}},"75":{"start":{"line":116,"column":2},"end":{"line":123,"column":5}},"76":{"start":{"line":117,"column":4},"end":{"line":122,"column":7}},"77":{"start":{"line":118,"column":6},"end":{"line":118,"column":42}},"78":{"start":{"line":119,"column":6},"end":{"line":119,"column":39}},"79":{"start":{"line":120,"column":6},"end":{"line":120,"column":67}},"80":{"start":{"line":121,"column":6},"end":{"line":121,"column":13}},"81":{"start":{"line":125,"column":2},"end":{"line":132,"column":5}},"82":{"start":{"line":126,"column":4},"end":{"line":131,"column":7}},"83":{"start":{"line":127,"column":6},"end":{"line":127,"column":42}},"84":{"start":{"line":128,"column":6},"end":{"line":128,"column":39}},"85":{"start":{"line":129,"column":6},"end":{"line":129,"column":78}},"86":{"start":{"line":130,"column":6},"end":{"line":130,"column":13}},"87":{"start":{"line":133,"column":2},"end":{"line":140,"column":5}},"88":{"start":{"line":134,"column":4},"end":{"line":139,"column":7}},"89":{"start":{"line":135,"column":6},"end":{"line":135,"column":42}},"90":{"start":{"line":136,"column":6},"end":{"line":136,"column":39}},"91":{"start":{"line":137,"column":6},"end":{"line":137,"column":52}},"92":{"start":{"line":138,"column":6},"end":{"line":138,"column":13}},"93":{"start":{"line":142,"column":2},"end":{"line":149,"column":5}},"94":{"start":{"line":143,"column":4},"end":{"line":148,"column":7}},"95":{"start":{"line":144,"column":6},"end":{"line":144,"column":42}},"96":{"start":{"line":145,"column":6},"end":{"line":145,"column":39}},"97":{"start":{"line":146,"column":6},"end":{"line":146,"column":78}},"98":{"start":{"line":147,"column":6},"end":{"line":147,"column":13}},"99":{"start":{"line":150,"column":2},"end":{"line":157,"column":5}},"100":{"start":{"line":151,"column":4},"end":{"line":156,"column":7}},"101":{"start":{"line":152,"column":6},"end":{"line":152,"column":42}},"102":{"start":{"line":153,"column":6},"end":{"line":153,"column":39}},"103":{"start":{"line":154,"column":6},"end":{"line":154,"column":52}},"104":{"start":{"line":155,"column":6},"end":{"line":155,"column":13}},"105":{"start":{"line":160,"column":18},"end":{"line":163,"column":1}},"106":{"start":{"line":164,"column":0},"end":{"line":173,"column":3}},"107":{"start":{"line":165,"column":2},"end":{"line":172,"column":5}},"108":{"start":{"line":166,"column":4},"end":{"line":171,"column":7}},"109":{"start":{"line":167,"column":6},"end":{"line":167,"column":42}},"110":{"start":{"line":168,"column":6},"end":{"line":168,"column":39}},"111":{"start":{"line":169,"column":6},"end":{"line":169,"column":52}},"112":{"start":{"line":170,"column":6},"end":{"line":170,"column":13}},"113":{"start":{"line":175,"column":0},"end":{"line":193,"column":3}},"114":{"start":{"line":176,"column":2},"end":{"line":183,"column":5}},"115":{"start":{"line":177,"column":4},"end":{"line":182,"column":7}},"116":{"start":{"line":178,"column":6},"end":{"line":178,"column":42}},"117":{"start":{"line":179,"column":6},"end":{"line":179,"column":39}},"118":{"start":{"line":180,"column":6},"end":{"line":180,"column":46}},"119":{"start":{"line":181,"column":6},"end":{"line":181,"column":13}},"120":{"start":{"line":185,"column":2},"end":{"line":192,"column":5}},"121":{"start":{"line":186,"column":4},"end":{"line":191,"column":7}},"122":{"start":{"line":187,"column":6},"end":{"line":187,"column":42}},"123":{"start":{"line":188,"column":6},"end":{"line":188,"column":39}},"124":{"start":{"line":189,"column":6},"end":{"line":189,"column":67}},"125":{"start":{"line":190,"column":6},"end":{"line":190,"column":13}},"126":{"start":{"line":194,"column":0},"end":{"line":224,"column":3}},"127":{"start":{"line":195,"column":2},"end":{"line":202,"column":5}},"128":{"start":{"line":196,"column":4},"end":{"line":201,"column":7}},"129":{"start":{"line":197,"column":6},"end":{"line":197,"column":42}},"130":{"start":{"line":198,"column":6},"end":{"line":198,"column":39}},"131":{"start":{"line":199,"column":6},"end":{"line":199,"column":67}},"132":{"start":{"line":200,"column":6},"end":{"line":200,"column":13}},"133":{"start":{"line":203,"column":19},"end":{"line":203,"column":49}},"134":{"start":{"line":205,"column":17},"end":{"line":205,"column":36}},"135":{"start":{"line":206,"column":22},"end":{"line":206,"column":72}},"136":{"start":{"line":208,"column":2},"end":{"line":215,"column":5}},"137":{"start":{"line":209,"column":4},"end":{"line":214,"column":7}},"138":{"start":{"line":210,"column":6},"end":{"line":210,"column":42}},"139":{"start":{"line":211,"column":6},"end":{"line":211,"column":39}},"140":{"start":{"line":212,"column":6},"end":{"line":212,"column":54}},"141":{"start":{"line":213,"column":6},"end":{"line":213,"column":13}},"142":{"start":{"line":216,"column":2},"end":{"line":223,"column":5}},"143":{"start":{"line":217,"column":4},"end":{"line":222,"column":7}},"144":{"start":{"line":218,"column":6},"end":{"line":218,"column":42}},"145":{"start":{"line":219,"column":6},"end":{"line":219,"column":39}},"146":{"start":{"line":220,"column":6},"end":{"line":220,"column":81}},"147":{"start":{"line":221,"column":6},"end":{"line":221,"column":13}},"148":{"start":{"line":226,"column":0},"end":{"line":267,"column":3}},"149":{"start":{"line":228,"column":2},"end":{"line":235,"column":5}},"150":{"start":{"line":229,"column":4},"end":{"line":234,"column":7}},"151":{"start":{"line":230,"column":6},"end":{"line":230,"column":42}},"152":{"start":{"line":231,"column":6},"end":{"line":231,"column":39}},"153":{"start":{"line":232,"column":6},"end":{"line":232,"column":65}},"154":{"start":{"line":233,"column":6},"end":{"line":233,"column":13}},"155":{"start":{"line":236,"column":2},"end":{"line":243,"column":5}},"156":{"start":{"line":237,"column":4},"end":{"line":242,"column":7}},"157":{"start":{"line":238,"column":6},"end":{"line":238,"column":42}},"158":{"start":{"line":239,"column":6},"end":{"line":239,"column":39}},"159":{"start":{"line":240,"column":6},"end":{"line":240,"column":60}},"160":{"start":{"line":241,"column":6},"end":{"line":241,"column":13}},"161":{"start":{"line":244,"column":19},"end":{"line":244,"column":49}},"162":{"start":{"line":246,"column":17},"end":{"line":246,"column":36}},"163":{"start":{"line":247,"column":15},"end":{"line":247,"column":32}},"164":{"start":{"line":248,"column":22},"end":{"line":248,"column":82}},"165":{"start":{"line":250,"column":2},"end":{"line":258,"column":5}},"166":{"start":{"line":251,"column":4},"end":{"line":257,"column":7}},"167":{"start":{"line":252,"column":6},"end":{"line":252,"column":42}},"168":{"start":{"line":253,"column":6},"end":{"line":253,"column":39}},"169":{"start":{"line":254,"column":6},"end":{"line":254,"column":82}},"170":{"start":{"line":255,"column":6},"end":{"line":255,"column":54}},"171":{"start":{"line":256,"column":6},"end":{"line":256,"column":13}},"172":{"start":{"line":259,"column":2},"end":{"line":266,"column":5}},"173":{"start":{"line":260,"column":4},"end":{"line":265,"column":7}},"174":{"start":{"line":261,"column":6},"end":{"line":261,"column":42}},"175":{"start":{"line":262,"column":6},"end":{"line":262,"column":39}},"176":{"start":{"line":263,"column":6},"end":{"line":263,"column":66}},"177":{"start":{"line":264,"column":6},"end":{"line":264,"column":13}}},"fnMap":{"0":{"name":"_interopRequireDefault","decl":{"start":{"line":17,"column":9},"end":{"line":17,"column":31}},"loc":{"start":{"line":17,"column":37},"end":{"line":17,"column":97}},"line":17},"1":{"name":"_objectWithoutProperties","decl":{"start":{"line":19,"column":9},"end":{"line":19,"column":33}},"loc":{"start":{"line":19,"column":52},"end":{"line":19,"column":492}},"line":19},"2":{"name":"_objectWithoutPropertiesLoose","decl":{"start":{"line":21,"column":9},"end":{"line":21,"column":38}},"loc":{"start":{"line":21,"column":57},"end":{"line":21,"column":307}},"line":21},"3":{"name":"(anonymous_3)","decl":{"start":{"line":76,"column":32},"end":{"line":76,"column":33}},"loc":{"start":{"line":76,"column":44},"end":{"line":89,"column":1}},"line":76},"4":{"name":"(anonymous_4)","decl":{"start":{"line":77,"column":22},"end":{"line":77,"column":23}},"loc":{"start":{"line":77,"column":34},"end":{"line":79,"column":3}},"line":77},"5":{"name":"(anonymous_5)","decl":{"start":{"line":80,"column":19},"end":{"line":80,"column":20}},"loc":{"start":{"line":80,"column":31},"end":{"line":82,"column":3}},"line":80},"6":{"name":"(anonymous_6)","decl":{"start":{"line":83,"column":17},"end":{"line":83,"column":18}},"loc":{"start":{"line":83,"column":29},"end":{"line":85,"column":3}},"line":83},"7":{"name":"(anonymous_7)","decl":{"start":{"line":86,"column":24},"end":{"line":86,"column":25}},"loc":{"start":{"line":86,"column":36},"end":{"line":88,"column":3}},"line":86},"8":{"name":"(anonymous_8)","decl":{"start":{"line":90,"column":37},"end":{"line":90,"column":38}},"loc":{"start":{"line":90,"column":49},"end":{"line":158,"column":1}},"line":90},"9":{"name":"(anonymous_9)","decl":{"start":{"line":91,"column":48},"end":{"line":91,"column":49}},"loc":{"start":{"line":91,"column":64},"end":{"line":98,"column":3}},"line":91},"10":{"name":"(anonymous_10)","decl":{"start":{"line":92,"column":127},"end":{"line":92,"column":128}},"loc":{"start":{"line":92,"column":147},"end":{"line":97,"column":5}},"line":92},"11":{"name":"(anonymous_11)","decl":{"start":{"line":99,"column":58},"end":{"line":99,"column":59}},"loc":{"start":{"line":99,"column":74},"end":{"line":106,"column":3}},"line":99},"12":{"name":"(anonymous_12)","decl":{"start":{"line":100,"column":123},"end":{"line":100,"column":124}},"loc":{"start":{"line":100,"column":143},"end":{"line":105,"column":5}},"line":100},"13":{"name":"(anonymous_13)","decl":{"start":{"line":107,"column":45},"end":{"line":107,"column":46}},"loc":{"start":{"line":107,"column":61},"end":{"line":114,"column":3}},"line":107},"14":{"name":"(anonymous_14)","decl":{"start":{"line":108,"column":119},"end":{"line":108,"column":120}},"loc":{"start":{"line":108,"column":139},"end":{"line":113,"column":5}},"line":108},"15":{"name":"(anonymous_15)","decl":{"start":{"line":116,"column":49},"end":{"line":116,"column":50}},"loc":{"start":{"line":116,"column":65},"end":{"line":123,"column":3}},"line":116},"16":{"name":"(anonymous_16)","decl":{"start":{"line":117,"column":128},"end":{"line":117,"column":129}},"loc":{"start":{"line":117,"column":148},"end":{"line":122,"column":5}},"line":117},"17":{"name":"(anonymous_17)","decl":{"start":{"line":125,"column":58},"end":{"line":125,"column":59}},"loc":{"start":{"line":125,"column":74},"end":{"line":132,"column":3}},"line":125},"18":{"name":"(anonymous_18)","decl":{"start":{"line":126,"column":130},"end":{"line":126,"column":131}},"loc":{"start":{"line":126,"column":150},"end":{"line":131,"column":5}},"line":126},"19":{"name":"(anonymous_19)","decl":{"start":{"line":133,"column":54},"end":{"line":133,"column":55}},"loc":{"start":{"line":133,"column":70},"end":{"line":140,"column":3}},"line":133},"20":{"name":"(anonymous_20)","decl":{"start":{"line":134,"column":130},"end":{"line":134,"column":131}},"loc":{"start":{"line":134,"column":150},"end":{"line":139,"column":5}},"line":134},"21":{"name":"(anonymous_21)","decl":{"start":{"line":142,"column":58},"end":{"line":142,"column":59}},"loc":{"start":{"line":142,"column":74},"end":{"line":149,"column":3}},"line":142},"22":{"name":"(anonymous_22)","decl":{"start":{"line":143,"column":130},"end":{"line":143,"column":131}},"loc":{"start":{"line":143,"column":150},"end":{"line":148,"column":5}},"line":143},"23":{"name":"(anonymous_23)","decl":{"start":{"line":150,"column":54},"end":{"line":150,"column":55}},"loc":{"start":{"line":150,"column":70},"end":{"line":157,"column":3}},"line":150},"24":{"name":"(anonymous_24)","decl":{"start":{"line":151,"column":130},"end":{"line":151,"column":131}},"loc":{"start":{"line":151,"column":150},"end":{"line":156,"column":5}},"line":151},"25":{"name":"(anonymous_25)","decl":{"start":{"line":164,"column":39},"end":{"line":164,"column":40}},"loc":{"start":{"line":164,"column":51},"end":{"line":173,"column":1}},"line":164},"26":{"name":"(anonymous_26)","decl":{"start":{"line":165,"column":25},"end":{"line":165,"column":26}},"loc":{"start":{"line":165,"column":41},"end":{"line":172,"column":3}},"line":165},"27":{"name":"(anonymous_27)","decl":{"start":{"line":166,"column":136},"end":{"line":166,"column":137}},"loc":{"start":{"line":166,"column":156},"end":{"line":171,"column":5}},"line":166},"28":{"name":"(anonymous_28)","decl":{"start":{"line":175,"column":37},"end":{"line":175,"column":38}},"loc":{"start":{"line":175,"column":49},"end":{"line":193,"column":1}},"line":175},"29":{"name":"(anonymous_29)","decl":{"start":{"line":176,"column":34},"end":{"line":176,"column":35}},"loc":{"start":{"line":176,"column":50},"end":{"line":183,"column":3}},"line":176},"30":{"name":"(anonymous_30)","decl":{"start":{"line":177,"column":116},"end":{"line":177,"column":117}},"loc":{"start":{"line":177,"column":136},"end":{"line":182,"column":5}},"line":177},"31":{"name":"(anonymous_31)","decl":{"start":{"line":185,"column":29},"end":{"line":185,"column":30}},"loc":{"start":{"line":185,"column":45},"end":{"line":192,"column":3}},"line":185},"32":{"name":"(anonymous_32)","decl":{"start":{"line":186,"column":118},"end":{"line":186,"column":119}},"loc":{"start":{"line":186,"column":138},"end":{"line":191,"column":5}},"line":186},"33":{"name":"(anonymous_33)","decl":{"start":{"line":194,"column":37},"end":{"line":194,"column":38}},"loc":{"start":{"line":194,"column":49},"end":{"line":224,"column":1}},"line":194},"34":{"name":"(anonymous_34)","decl":{"start":{"line":195,"column":54},"end":{"line":195,"column":55}},"loc":{"start":{"line":195,"column":70},"end":{"line":202,"column":3}},"line":195},"35":{"name":"(anonymous_35)","decl":{"start":{"line":196,"column":118},"end":{"line":196,"column":119}},"loc":{"start":{"line":196,"column":138},"end":{"line":201,"column":5}},"line":196},"36":{"name":"(anonymous_36)","decl":{"start":{"line":208,"column":54},"end":{"line":208,"column":55}},"loc":{"start":{"line":208,"column":70},"end":{"line":215,"column":3}},"line":208},"37":{"name":"(anonymous_37)","decl":{"start":{"line":209,"column":118},"end":{"line":209,"column":119}},"loc":{"start":{"line":209,"column":138},"end":{"line":214,"column":5}},"line":209},"38":{"name":"(anonymous_38)","decl":{"start":{"line":216,"column":54},"end":{"line":216,"column":55}},"loc":{"start":{"line":216,"column":70},"end":{"line":223,"column":3}},"line":216},"39":{"name":"(anonymous_39)","decl":{"start":{"line":217,"column":118},"end":{"line":217,"column":119}},"loc":{"start":{"line":217,"column":138},"end":{"line":222,"column":5}},"line":217},"40":{"name":"(anonymous_40)","decl":{"start":{"line":226,"column":54},"end":{"line":226,"column":55}},"loc":{"start":{"line":226,"column":66},"end":{"line":267,"column":1}},"line":226},"41":{"name":"(anonymous_41)","decl":{"start":{"line":228,"column":49},"end":{"line":228,"column":50}},"loc":{"start":{"line":228,"column":65},"end":{"line":235,"column":3}},"line":228},"42":{"name":"(anonymous_42)","decl":{"start":{"line":229,"column":119},"end":{"line":229,"column":120}},"loc":{"start":{"line":229,"column":139},"end":{"line":234,"column":5}},"line":229},"43":{"name":"(anonymous_43)","decl":{"start":{"line":236,"column":50},"end":{"line":236,"column":51}},"loc":{"start":{"line":236,"column":66},"end":{"line":243,"column":3}},"line":236},"44":{"name":"(anonymous_44)","decl":{"start":{"line":237,"column":118},"end":{"line":237,"column":119}},"loc":{"start":{"line":237,"column":138},"end":{"line":242,"column":5}},"line":237},"45":{"name":"(anonymous_45)","decl":{"start":{"line":250,"column":78},"end":{"line":250,"column":79}},"loc":{"start":{"line":250,"column":94},"end":{"line":258,"column":3}},"line":250},"46":{"name":"(anonymous_46)","decl":{"start":{"line":251,"column":118},"end":{"line":251,"column":119}},"loc":{"start":{"line":251,"column":138},"end":{"line":257,"column":5}},"line":251},"47":{"name":"(anonymous_47)","decl":{"start":{"line":259,"column":78},"end":{"line":259,"column":79}},"loc":{"start":{"line":259,"column":94},"end":{"line":266,"column":3}},"line":259},"48":{"name":"(anonymous_48)","decl":{"start":{"line":260,"column":118},"end":{"line":260,"column":119}},"loc":{"start":{"line":260,"column":138},"end":{"line":265,"column":5}},"line":260}},"branchMap":{"0":{"loc":{"start":{"line":17,"column":46},"end":{"line":17,"column":94}},"type":"cond-expr","locations":[{"start":{"line":17,"column":70},"end":{"line":17,"column":73}},{"start":{"line":17,"column":76},"end":{"line":17,"column":94}}],"line":17},"1":{"loc":{"start":{"line":17,"column":46},"end":{"line":17,"column":67}},"type":"binary-expr","locations":[{"start":{"line":17,"column":46},"end":{"line":17,"column":49}},{"start":{"line":17,"column":53},"end":{"line":17,"column":67}}],"line":17},"2":{"loc":{"start":{"line":19,"column":54},"end":{"line":19,"column":84}},"type":"if","locations":[{"start":{"line":19,"column":54},"end":{"line":19,"column":84}},{"start":{"line":19,"column":54},"end":{"line":19,"column":84}}],"line":19},"3":{"loc":{"start":{"line":19,"column":159},"end":{"line":19,"column":475}},"type":"if","locations":[{"start":{"line":19,"column":159},"end":{"line":19,"column":475}},{"start":{"line":19,"column":159},"end":{"line":19,"column":475}}],"line":19},"4":{"loc":{"start":{"line":19,"column":331},"end":{"line":19,"column":372}},"type":"if","locations":[{"start":{"line":19,"column":331},"end":{"line":19,"column":372}},{"start":{"line":19,"column":331},"end":{"line":19,"column":372}}],"line":19},"5":{"loc":{"start":{"line":19,"column":373},"end":{"line":19,"column":444}},"type":"if","locations":[{"start":{"line":19,"column":373},"end":{"line":19,"column":444}},{"start":{"line":19,"column":373},"end":{"line":19,"column":444}}],"line":19},"6":{"loc":{"start":{"line":21,"column":59},"end":{"line":21,"column":89}},"type":"if","locations":[{"start":{"line":21,"column":59},"end":{"line":21,"column":89}},{"start":{"line":21,"column":59},"end":{"line":21,"column":89}}],"line":21},"7":{"loc":{"start":{"line":21,"column":220},"end":{"line":21,"column":261}},"type":"if","locations":[{"start":{"line":21,"column":220},"end":{"line":21,"column":261}},{"start":{"line":21,"column":220},"end":{"line":21,"column":261}}],"line":21}},"s":{"0":1,"1":1,"2":1,"3":1,"4":1,"5":1,"6":1,"7":6,"8":2,"9":0,"10":2,"11":2,"12":2,"13":2,"14":0,"15":0,"16":0,"17":0,"18":0,"19":0,"20":2,"21":2,"22":0,"23":2,"24":2,"25":2,"26":20,"27":20,"28":3,"29":17,"30":2,"31":1,"32":1,"33":1,"34":1,"35":1,"36":1,"37":1,"38":1,"39":1,"40":1,"41":1,"42":1,"43":1,"44":1,"45":1,"46":1,"47":1,"48":1,"49":1,"50":1,"51":1,"52":1,"53":1,"54":1,"55":1,"56":1,"57":1,"58":1,"59":1,"60":1,"61":1,"62":1,"63":1,"64":1,"65":1,"66":1,"67":1,"68":1,"69":1,"70":1,"71":1,"72":1,"73":1,"74":1,"75":1,"76":1,"77":1,"78":1,"79":1,"80":1,"81":1,"82":1,"83":1,"84":1,"85":1,"86":1,"87":1,"88":1,"89":1,"90":1,"91":1,"92":1,"93":1,"94":1,"95":1,"96":1,"97":1,"98":1,"99":1,"100":1,"101":1,"102":1,"103":1,"104":1,"105":1,"106":1,"107":1,"108":1,"109":1,"110":1,"111":1,"112":1,"113":1,"114":1,"115":1,"116":1,"117":1,"118":1,"119":1,"120":1,"121":1,"122":1,"123":1,"124":1,"125":1,"126":1,"127":1,"128":1,"129":1,"130":1,"131":1,"132":1,"133":1,"134":1,"135":1,"136":1,"137":1,"138":1,"139":1,"140":1,"141":1,"142":1,"143":1,"144":1,"145":1,"146":1,"147":1,"148":1,"149":1,"150":1,"151":1,"152":1,"153":1,"154":1,"155":1,"156":1,"157":1,"158":1,"159":1,"160":1,"161":1,"162":1,"163":1,"164":1,"165":1,"166":1,"167":1,"168":1,"169":1,"170":1,"171":1,"172":1,"173":1,"174":1,"175":1,"176":1,"177":1},"f":{"0":6,"1":2,"2":2,"3":1,"4":1,"5":1,"6":1,"7":1,"8":1,"9":1,"10":1,"11":1,"12":1,"13":1,"14":1,"15":1,"16":1,"17":1,"18":1,"19":1,"20":1,"21":1,"22":1,"23":1,"24":1,"25":1,"26":1,"27":1,"28":1,"29":1,"30":1,"31":1,"32":1,"33":1,"34":1,"35":1,"36":1,"37":1,"38":1,"39":1,"40":1,"41":1,"42":1,"43":1,"44":1,"45":1,"46":1,"47":1,"48":1},"b":{"0":[2,4],"1":[6,6],"2":[0,2],"3":[2,0],"4":[0,0],"5":[0,0],"6":[0,2],"7":[3,17]},"_coverageSchema":"43e27e138ebf9cfc5966b082cf9a028302ed4184","hash":"e79feb7de7406dc4b8b10fbdcaf9bee373de9168","contentHash":"463b29ec8eb1dadb022c85da54e373a78dd5ca85666e46e25d86854c0a39699e"},"C:\\my properties\\now\\andela's document\\BootComp\\FreeMentor\\server\\server.js":{"path":"C:\\my properties\\now\\andela's document\\BootComp\\FreeMentor\\server\\server.js","statementMap":{"0":{"start":{"line":3,"column":0},"end":{"line":5,"column":3}},"1":{"start":{"line":6,"column":0},"end":{"line":6,"column":28}},"2":{"start":{"line":8,"column":15},"end":{"line":8,"column":57}},"3":{"start":{"line":10,"column":19},"end":{"line":10,"column":74}},"4":{"start":{"line":12,"column":13},"end":{"line":12,"column":74}},"5":{"start":{"line":14,"column":39},"end":{"line":14,"column":95}},"6":{"start":{"line":17,"column":10},"end":{"line":17,"column":36}},"7":{"start":{"line":18,"column":0},"end":{"line":18,"column":36}},"8":{"start":{"line":19,"column":0},"end":{"line":19,"column":27}},"9":{"start":{"line":21,"column":11},"end":{"line":21,"column":35}},"10":{"start":{"line":22,"column":0},"end":{"line":22,"column":17}},"11":{"start":{"line":23,"column":0},"end":{"line":23,"column":49}},"12":{"start":{"line":24,"column":0},"end":{"line":24,"column":42}},"13":{"start":{"line":25,"column":15},"end":{"line":25,"column":18}},"14":{"start":{"line":26,"column":0},"end":{"line":26,"column":30}}},"fnMap":{"0":{"name":"_interopRequireDefault","decl":{"start":{"line":14,"column":9},"end":{"line":14,"column":31}},"loc":{"start":{"line":14,"column":37},"end":{"line":14,"column":97}},"line":14}},"branchMap":{"0":{"loc":{"start":{"line":14,"column":46},"end":{"line":14,"column":94}},"type":"cond-expr","locations":[{"start":{"line":14,"column":70},"end":{"line":14,"column":73}},{"start":{"line":14,"column":76},"end":{"line":14,"column":94}}],"line":14},"1":{"loc":{"start":{"line":14,"column":46},"end":{"line":14,"column":67}},"type":"binary-expr","locations":[{"start":{"line":14,"column":46},"end":{"line":14,"column":49}},{"start":{"line":14,"column":53},"end":{"line":14,"column":67}}],"line":14},"2":{"loc":{"start":{"line":21,"column":11},"end":{"line":21,"column":35}},"type":"binary-expr","locations":[{"start":{"line":21,"column":11},"end":{"line":21,"column":27}},{"start":{"line":21,"column":31},"end":{"line":21,"column":35}}],"line":21}},"s":{"0":1,"1":1,"2":1,"3":1,"4":1,"5":3,"6":1,"7":1,"8":1,"9":1,"10":1,"11":1,"12":1,"13":1,"14":1},"f":{"0":3},"b":{"0":[2,1],"1":[3,3],"2":[1,1]},"_coverageSchema":"43e27e138ebf9cfc5966b082cf9a028302ed4184","hash":"69ec8c9e2c67fac8940a15ac02dbe37042520b1e","contentHash":"dda61136b33ae51cc85870881ca962b6599a51ce72bb60a86d401b1738e69b4b"},"C:\\my properties\\now\\andela's document\\BootComp\\FreeMentor\\server\\routes\\usersRoutes.js":{"path":"C:\\my properties\\now\\andela's document\\BootComp\\FreeMentor\\server\\routes\\usersRoutes.js","statementMap":{"0":{"start":{"line":3,"column":0},"end":{"line":5,"column":3}},"1":{"start":{"line":6,"column":0},"end":{"line":6,"column":28}},"2":{"start":{"line":8,"column":15},"end":{"line":8,"column":57}},"3":{"start":{"line":10,"column":23},"end":{"line":10,"column":87}},"4":{"start":{"line":12,"column":23},"end":{"line":12,"column":88}},"5":{"start":{"line":14,"column":18},"end":{"line":14,"column":78}},"6":{"start":{"line":16,"column":12},"end":{"line":16,"column":65}},"7":{"start":{"line":18,"column":18},"end":{"line":18,"column":78}},"8":{"start":{"line":20,"column":25},"end":{"line":20,"column":92}},"9":{"start":{"line":22,"column":39},"end":{"line":22,"column":95}},"10":{"start":{"line":24,"column":13},"end":{"line":24,"column":47}},"11":{"start":{"line":25,"column":13},"end":{"line":25,"column":47}},"12":{"start":{"line":26,"column":18},"end":{"line":26,"column":46}},"13":{"start":{"line":27,"column":17},"end":{"line":27,"column":44}},"14":{"start":{"line":28,"column":18},"end":{"line":28,"column":46}},"15":{"start":{"line":29,"column":19},"end":{"line":29,"column":48}},"16":{"start":{"line":30,"column":10},"end":{"line":30,"column":36}},"17":{"start":{"line":31,"column":13},"end":{"line":31,"column":42}},"18":{"start":{"line":33,"column":13},"end":{"line":33,"column":41}},"19":{"start":{"line":35,"column":0},"end":{"line":35,"column":75}},"20":{"start":{"line":36,"column":0},"end":{"line":36,"column":31}},"21":{"start":{"line":37,"column":0},"end":{"line":37,"column":89}},"22":{"start":{"line":38,"column":0},"end":{"line":38,"column":53}},"23":{"start":{"line":39,"column":0},"end":{"line":39,"column":60}},"24":{"start":{"line":40,"column":0},"end":{"line":40,"column":93}},"25":{"start":{"line":41,"column":0},"end":{"line":41,"column":109}},"26":{"start":{"line":42,"column":0},"end":{"line":42,"column":109}},"27":{"start":{"line":43,"column":15},"end":{"line":43,"column":21}},"28":{"start":{"line":44,"column":0},"end":{"line":44,"column":30}}},"fnMap":{"0":{"name":"_interopRequireDefault","decl":{"start":{"line":22,"column":9},"end":{"line":22,"column":31}},"loc":{"start":{"line":22,"column":37},"end":{"line":22,"column":97}},"line":22}},"branchMap":{"0":{"loc":{"start":{"line":22,"column":46},"end":{"line":22,"column":94}},"type":"cond-expr","locations":[{"start":{"line":22,"column":70},"end":{"line":22,"column":73}},{"start":{"line":22,"column":76},"end":{"line":22,"column":94}}],"line":22},"1":{"loc":{"start":{"line":22,"column":46},"end":{"line":22,"column":67}},"type":"binary-expr","locations":[{"start":{"line":22,"column":46},"end":{"line":22,"column":49}},{"start":{"line":22,"column":53},"end":{"line":22,"column":67}}],"line":22}},"s":{"0":1,"1":1,"2":1,"3":1,"4":1,"5":1,"6":1,"7":1,"8":1,"9":7,"10":1,"11":1,"12":1,"13":1,"14":1,"15":1,"16":1,"17":1,"18":1,"19":1,"20":1,"21":1,"22":1,"23":1,"24":1,"25":1,"26":1,"27":1,"28":1},"f":{"0":7},"b":{"0":[6,1],"1":[7,7]},"_coverageSchema":"43e27e138ebf9cfc5966b082cf9a028302ed4184","hash":"af88636cbd6a83b01378a6b7cbf94a8368af2667","contentHash":"9b0da95b0498abf660ccbe5c5f979f16a4a627a03d66a894b41eb6feac9c4f16"},"C:\\my properties\\now\\andela's document\\BootComp\\FreeMentor\\server\\middleware\\SchemaValidator.js":{"path":"C:\\my properties\\now\\andela's document\\BootComp\\FreeMentor\\server\\middleware\\SchemaValidator.js","statementMap":{"0":{"start":{"line":3,"column":0},"end":{"line":5,"column":3}},"1":{"start":{"line":6,"column":0},"end":{"line":6,"column":28}},"2":{"start":{"line":8,"column":11},"end":{"line":8,"column":55}},"3":{"start":{"line":10,"column":39},"end":{"line":10,"column":95}},"4":{"start":{"line":12,"column":17},"end":{"line":36,"column":1}},"5":{"start":{"line":14,"column":17},"end":{"line":23,"column":5}},"6":{"start":{"line":25,"column":17},"end":{"line":25,"column":59}},"7":{"start":{"line":27,"column":4},"end":{"line":34,"column":5}},"8":{"start":{"line":28,"column":6},"end":{"line":31,"column":9}},"9":{"start":{"line":33,"column":6},"end":{"line":33,"column":13}},"10":{"start":{"line":37,"column":15},"end":{"line":37,"column":25}},"11":{"start":{"line":38,"column":0},"end":{"line":38,"column":30}}},"fnMap":{"0":{"name":"_interopRequireDefault","decl":{"start":{"line":10,"column":9},"end":{"line":10,"column":31}},"loc":{"start":{"line":10,"column":37},"end":{"line":10,"column":97}},"line":10},"1":{"name":"uservalidation","decl":{"start":{"line":13,"column":27},"end":{"line":13,"column":41}},"loc":{"start":{"line":13,"column":58},"end":{"line":35,"column":3}},"line":13}},"branchMap":{"0":{"loc":{"start":{"line":10,"column":46},"end":{"line":10,"column":94}},"type":"cond-expr","locations":[{"start":{"line":10,"column":70},"end":{"line":10,"column":73}},{"start":{"line":10,"column":76},"end":{"line":10,"column":94}}],"line":10},"1":{"loc":{"start":{"line":10,"column":46},"end":{"line":10,"column":67}},"type":"binary-expr","locations":[{"start":{"line":10,"column":46},"end":{"line":10,"column":49}},{"start":{"line":10,"column":53},"end":{"line":10,"column":67}}],"line":10},"2":{"loc":{"start":{"line":27,"column":4},"end":{"line":34,"column":5}},"type":"if","locations":[{"start":{"line":27,"column":4},"end":{"line":34,"column":5}},{"start":{"line":27,"column":4},"end":{"line":34,"column":5}}],"line":27}},"s":{"0":1,"1":1,"2":1,"3":1,"4":1,"5":3,"6":3,"7":3,"8":1,"9":2,"10":1,"11":1},"f":{"0":1,"1":3},"b":{"0":[0,1],"1":[1,1],"2":[1,2]},"_coverageSchema":"43e27e138ebf9cfc5966b082cf9a028302ed4184","hash":"4c46b92ae50195a27786844a4c94fd6f00016d53","contentHash":"994ffe9a8f9b3301049ab4372e569208539b0278a70da70e88abc128301cc67e"},"C:\\my properties\\now\\andela's document\\BootComp\\FreeMentor\\server\\controllers\\usersController.js":{"path":"C:\\my properties\\now\\andela's document\\BootComp\\FreeMentor\\server\\controllers\\usersController.js","statementMap":{"0":{"start":{"line":3,"column":0},"end":{"line":5,"column":3}},"1":{"start":{"line":6,"column":0},"end":{"line":6,"column":28}},"2":{"start":{"line":8,"column":14},"end":{"line":8,"column":55}},"3":{"start":{"line":10,"column":20},"end":{"line":10,"column":67}},"4":{"start":{"line":12,"column":18},"end":{"line":12,"column":85}},"5":{"start":{"line":14,"column":39},"end":{"line":14,"column":95}},"6":{"start":{"line":16,"column":54},"end":{"line":16,"column":73}},"7":{"start":{"line":16,"column":75},"end":{"line":16,"column":326}},"8":{"start":{"line":16,"column":125},"end":{"line":16,"column":161}},"9":{"start":{"line":16,"column":163},"end":{"line":16,"column":292}},"10":{"start":{"line":16,"column":183},"end":{"line":16,"column":292}},"11":{"start":{"line":16,"column":225},"end":{"line":16,"column":288}},"12":{"start":{"line":16,"column":293},"end":{"line":16,"column":324}},"13":{"start":{"line":16,"column":327},"end":{"line":16,"column":339}},"14":{"start":{"line":18,"column":33},"end":{"line":18,"column":501}},"15":{"start":{"line":18,"column":46},"end":{"line":18,"column":47}},"16":{"start":{"line":18,"column":91},"end":{"line":18,"column":131}},"17":{"start":{"line":18,"column":133},"end":{"line":18,"column":499}},"18":{"start":{"line":18,"column":146},"end":{"line":18,"column":239}},"19":{"start":{"line":18,"column":193},"end":{"line":18,"column":235}},"20":{"start":{"line":18,"column":247},"end":{"line":18,"column":499}},"21":{"start":{"line":18,"column":287},"end":{"line":18,"column":361}},"22":{"start":{"line":18,"column":371},"end":{"line":18,"column":497}},"23":{"start":{"line":18,"column":412},"end":{"line":18,"column":493}},"24":{"start":{"line":18,"column":502},"end":{"line":18,"column":516}},"25":{"start":{"line":20,"column":44},"end":{"line":20,"column":195}},"26":{"start":{"line":20,"column":62},"end":{"line":20,"column":166}},"27":{"start":{"line":20,"column":176},"end":{"line":20,"column":193}},"28":{"start":{"line":20,"column":196},"end":{"line":20,"column":207}},"29":{"start":{"line":22,"column":54},"end":{"line":22,"column":84}},"30":{"start":{"line":22,"column":74},"end":{"line":22,"column":84}},"31":{"start":{"line":22,"column":98},"end":{"line":22,"column":145}},"32":{"start":{"line":22,"column":159},"end":{"line":22,"column":475}},"33":{"start":{"line":22,"column":218},"end":{"line":22,"column":254}},"34":{"start":{"line":22,"column":256},"end":{"line":22,"column":473}},"35":{"start":{"line":22,"column":304},"end":{"line":22,"column":330}},"36":{"start":{"line":22,"column":331},"end":{"line":22,"column":372}},"37":{"start":{"line":22,"column":363},"end":{"line":22,"column":372}},"38":{"start":{"line":22,"column":373},"end":{"line":22,"column":444}},"39":{"start":{"line":22,"column":435},"end":{"line":22,"column":444}},"40":{"start":{"line":22,"column":445},"end":{"line":22,"column":471}},"41":{"start":{"line":22,"column":476},"end":{"line":22,"column":490}},"42":{"start":{"line":24,"column":59},"end":{"line":24,"column":89}},"43":{"start":{"line":24,"column":79},"end":{"line":24,"column":89}},"44":{"start":{"line":24,"column":103},"end":{"line":24,"column":105}},"45":{"start":{"line":24,"column":124},"end":{"line":24,"column":143}},"46":{"start":{"line":24,"column":157},"end":{"line":24,"column":290}},"47":{"start":{"line":24,"column":199},"end":{"line":24,"column":219}},"48":{"start":{"line":24,"column":220},"end":{"line":24,"column":261}},"49":{"start":{"line":24,"column":252},"end":{"line":24,"column":261}},"50":{"start":{"line":24,"column":262},"end":{"line":24,"column":288}},"51":{"start":{"line":24,"column":291},"end":{"line":24,"column":305}},"52":{"start":{"line":26,"column":0},"end":{"line":26,"column":28}},"53":{"start":{"line":28,"column":17},"end":{"line":95,"column":1}},"54":{"start":{"line":30,"column":20},"end":{"line":30,"column":70}},"55":{"start":{"line":32,"column":4},"end":{"line":54,"column":5}},"56":{"start":{"line":33,"column":6},"end":{"line":36,"column":9}},"57":{"start":{"line":38,"column":27},"end":{"line":38,"column":66}},"58":{"start":{"line":40,"column":18},"end":{"line":42,"column":32}},"59":{"start":{"line":44,"column":21},"end":{"line":44,"column":44}},"60":{"start":{"line":45,"column":20},"end":{"line":45,"column":74}},"61":{"start":{"line":47,"column":6},"end":{"line":53,"column":9}},"62":{"start":{"line":58,"column":20},"end":{"line":58,"column":28}},"63":{"start":{"line":59,"column":16},"end":{"line":59,"column":31}},"64":{"start":{"line":60,"column":19},"end":{"line":60,"column":37}},"65":{"start":{"line":62,"column":15},"end":{"line":62,"column":56}},"66":{"start":{"line":64,"column":4},"end":{"line":69,"column":5}},"67":{"start":{"line":65,"column":6},"end":{"line":68,"column":9}},"68":{"start":{"line":71,"column":16},"end":{"line":75,"column":30}},"69":{"start":{"line":77,"column":4},"end":{"line":93,"column":5}},"70":{"start":{"line":78,"column":22},"end":{"line":78,"column":35}},"71":{"start":{"line":79,"column":20},"end":{"line":79,"column":64}},"72":{"start":{"line":81,"column":6},"end":{"line":87,"column":9}},"73":{"start":{"line":89,"column":6},"end":{"line":92,"column":9}},"74":{"start":{"line":96,"column":15},"end":{"line":96,"column":25}},"75":{"start":{"line":97,"column":0},"end":{"line":97,"column":30}}},"fnMap":{"0":{"name":"_interopRequireDefault","decl":{"start":{"line":14,"column":9},"end":{"line":14,"column":31}},"loc":{"start":{"line":14,"column":37},"end":{"line":14,"column":97}},"line":14},"1":{"name":"ownKeys","decl":{"start":{"line":16,"column":9},"end":{"line":16,"column":16}},"loc":{"start":{"line":16,"column":41},"end":{"line":16,"column":341}},"line":16},"2":{"name":"(anonymous_2)","decl":{"start":{"line":16,"column":208},"end":{"line":16,"column":209}},"loc":{"start":{"line":16,"column":223},"end":{"line":16,"column":290}},"line":16},"3":{"name":"_objectSpread","decl":{"start":{"line":18,"column":9},"end":{"line":18,"column":22}},"loc":{"start":{"line":18,"column":31},"end":{"line":18,"column":518}},"line":18},"4":{"name":"(anonymous_4)","decl":{"start":{"line":18,"column":176},"end":{"line":18,"column":177}},"loc":{"start":{"line":18,"column":191},"end":{"line":18,"column":237}},"line":18},"5":{"name":"(anonymous_5)","decl":{"start":{"line":18,"column":395},"end":{"line":18,"column":396}},"loc":{"start":{"line":18,"column":410},"end":{"line":18,"column":495}},"line":18},"6":{"name":"_defineProperty","decl":{"start":{"line":20,"column":9},"end":{"line":20,"column":24}},"loc":{"start":{"line":20,"column":42},"end":{"line":20,"column":209}},"line":20},"7":{"name":"_objectWithoutProperties","decl":{"start":{"line":22,"column":9},"end":{"line":22,"column":33}},"loc":{"start":{"line":22,"column":52},"end":{"line":22,"column":492}},"line":22},"8":{"name":"_objectWithoutPropertiesLoose","decl":{"start":{"line":24,"column":9},"end":{"line":24,"column":38}},"loc":{"start":{"line":24,"column":57},"end":{"line":24,"column":307}},"line":24},"9":{"name":"signup","decl":{"start":{"line":29,"column":19},"end":{"line":29,"column":25}},"loc":{"start":{"line":29,"column":36},"end":{"line":55,"column":3}},"line":29},"10":{"name":"signIn","decl":{"start":{"line":57,"column":19},"end":{"line":57,"column":25}},"loc":{"start":{"line":57,"column":36},"end":{"line":94,"column":3}},"line":57}},"branchMap":{"0":{"loc":{"start":{"line":14,"column":46},"end":{"line":14,"column":94}},"type":"cond-expr","locations":[{"start":{"line":14,"column":70},"end":{"line":14,"column":73}},{"start":{"line":14,"column":76},"end":{"line":14,"column":94}}],"line":14},"1":{"loc":{"start":{"line":14,"column":46},"end":{"line":14,"column":67}},"type":"binary-expr","locations":[{"start":{"line":14,"column":46},"end":{"line":14,"column":49}},{"start":{"line":14,"column":53},"end":{"line":14,"column":67}}],"line":14},"2":{"loc":{"start":{"line":16,"column":75},"end":{"line":16,"column":326}},"type":"if","locations":[{"start":{"line":16,"column":75},"end":{"line":16,"column":326}},{"start":{"line":16,"column":75},"end":{"line":16,"column":326}}],"line":16},"3":{"loc":{"start":{"line":16,"column":163},"end":{"line":16,"column":292}},"type":"if","locations":[{"start":{"line":16,"column":163},"end":{"line":16,"column":292}},{"start":{"line":16,"column":163},"end":{"line":16,"column":292}}],"line":16},"4":{"loc":{"start":{"line":18,"column":91},"end":{"line":18,"column":131}},"type":"cond-expr","locations":[{"start":{"line":18,"column":114},"end":{"line":18,"column":126}},{"start":{"line":18,"column":129},"end":{"line":18,"column":131}}],"line":18},"5":{"loc":{"start":{"line":18,"column":133},"end":{"line":18,"column":499}},"type":"if","locations":[{"start":{"line":18,"column":133},"end":{"line":18,"column":499}},{"start":{"line":18,"column":133},"end":{"line":18,"column":499}}],"line":18},"6":{"loc":{"start":{"line":18,"column":247},"end":{"line":18,"column":499}},"type":"if","locations":[{"start":{"line":18,"column":247},"end":{"line":18,"column":499}},{"start":{"line":18,"column":247},"end":{"line":18,"column":499}}],"line":18},"7":{"loc":{"start":{"line":20,"column":44},"end":{"line":20,"column":195}},"type":"if","locations":[{"start":{"line":20,"column":44},"end":{"line":20,"column":195}},{"start":{"line":20,"column":44},"end":{"line":20,"column":195}}],"line":20},"8":{"loc":{"start":{"line":22,"column":54},"end":{"line":22,"column":84}},"type":"if","locations":[{"start":{"line":22,"column":54},"end":{"line":22,"column":84}},{"start":{"line":22,"column":54},"end":{"line":22,"column":84}}],"line":22},"9":{"loc":{"start":{"line":22,"column":159},"end":{"line":22,"column":475}},"type":"if","locations":[{"start":{"line":22,"column":159},"end":{"line":22,"column":475}},{"start":{"line":22,"column":159},"end":{"line":22,"column":475}}],"line":22},"10":{"loc":{"start":{"line":22,"column":331},"end":{"line":22,"column":372}},"type":"if","locations":[{"start":{"line":22,"column":331},"end":{"line":22,"column":372}},{"start":{"line":22,"column":331},"end":{"line":22,"column":372}}],"line":22},"11":{"loc":{"start":{"line":22,"column":373},"end":{"line":22,"column":444}},"type":"if","locations":[{"start":{"line":22,"column":373},"end":{"line":22,"column":444}},{"start":{"line":22,"column":373},"end":{"line":22,"column":444}}],"line":22},"12":{"loc":{"start":{"line":24,"column":59},"end":{"line":24,"column":89}},"type":"if","locations":[{"start":{"line":24,"column":59},"end":{"line":24,"column":89}},{"start":{"line":24,"column":59},"end":{"line":24,"column":89}}],"line":24},"13":{"loc":{"start":{"line":24,"column":220},"end":{"line":24,"column":261}},"type":"if","locations":[{"start":{"line":24,"column":220},"end":{"line":24,"column":261}},{"start":{"line":24,"column":220},"end":{"line":24,"column":261}}],"line":24},"14":{"loc":{"start":{"line":32,"column":4},"end":{"line":54,"column":5}},"type":"if","locations":[{"start":{"line":32,"column":4},"end":{"line":54,"column":5}},{"start":{"line":32,"column":4},"end":{"line":54,"column":5}}],"line":32},"15":{"loc":{"start":{"line":64,"column":4},"end":{"line":69,"column":5}},"type":"if","locations":[{"start":{"line":64,"column":4},"end":{"line":69,"column":5}},{"start":{"line":64,"column":4},"end":{"line":69,"column":5}}],"line":64},"16":{"loc":{"start":{"line":77,"column":4},"end":{"line":93,"column":5}},"type":"if","locations":[{"start":{"line":77,"column":4},"end":{"line":93,"column":5}},{"start":{"line":77,"column":4},"end":{"line":93,"column":5}}],"line":77},"17":{"loc":{"start":{"line":77,"column":8},"end":{"line":77,"column":57}},"type":"binary-expr","locations":[{"start":{"line":77,"column":8},"end":{"line":77,"column":28}},{"start":{"line":77,"column":32},"end":{"line":77,"column":57}}],"line":77}},"s":{"0":1,"1":1,"2":1,"3":1,"4":1,"5":3,"6":2,"7":2,"8":2,"9":2,"10":2,"11":0,"12":2,"13":2,"14":2,"15":2,"16":2,"17":2,"18":2,"19":18,"20":0,"21":0,"22":0,"23":0,"24":2,"25":18,"26":0,"27":18,"28":18,"29":2,"30":0,"31":2,"32":2,"33":2,"34":2,"35":0,"36":0,"37":0,"38":0,"39":0,"40":0,"41":2,"42":2,"43":0,"44":2,"45":2,"46":2,"47":20,"48":20,"49":2,"50":18,"51":2,"52":1,"53":1,"54":2,"55":2,"56":1,"57":1,"58":1,"59":1,"60":1,"61":1,"62":3,"63":3,"64":3,"65":3,"66":3,"67":1,"68":2,"69":2,"70":1,"71":1,"72":1,"73":1,"74":1,"75":1},"f":{"0":3,"1":2,"2":0,"3":2,"4":18,"5":0,"6":18,"7":2,"8":2,"9":2,"10":3},"b":{"0":[1,2],"1":[3,3],"2":[2,0],"3":[2,0],"4":[2,0],"5":[2,0],"6":[0,0],"7":[0,18],"8":[0,2],"9":[2,0],"10":[0,0],"11":[0,0],"12":[0,2],"13":[2,18],"14":[1,1],"15":[1,2],"16":[1,1],"17":[2,2]},"_coverageSchema":"43e27e138ebf9cfc5966b082cf9a028302ed4184","hash":"2e15ab50c3af02e71037456a8877cf46361c98c9","contentHash":"70b44b8bb2cff1bbe5c82190f0ceeb154bdbfa6d3ac175479f245edf2a84ad12"},"C:\\my properties\\now\\andela's document\\BootComp\\FreeMentor\\server\\models\\usersModels\\userModels.js":{"path":"C:\\my properties\\now\\andela's document\\BootComp\\FreeMentor\\server\\models\\usersModels\\userModels.js","statementMap":{"0":{"start":{"line":3,"column":0},"end":{"line":5,"column":3}},"1":{"start":{"line":6,"column":0},"end":{"line":6,"column":28}},"2":{"start":{"line":8,"column":50},"end":{"line":8,"column":151}},"3":{"start":{"line":8,"column":92},"end":{"line":8,"column":149}},"4":{"start":{"line":10,"column":44},"end":{"line":10,"column":315}},"5":{"start":{"line":10,"column":57},"end":{"line":10,"column":58}},"6":{"start":{"line":10,"column":102},"end":{"line":10,"column":110}},"7":{"start":{"line":10,"column":112},"end":{"line":10,"column":167}},"8":{"start":{"line":10,"column":168},"end":{"line":10,"column":199}},"9":{"start":{"line":10,"column":200},"end":{"line":10,"column":254}},"10":{"start":{"line":10,"column":227},"end":{"line":10,"column":254}},"11":{"start":{"line":10,"column":255},"end":{"line":10,"column":313}},"12":{"start":{"line":12,"column":62},"end":{"line":12,"column":131}},"13":{"start":{"line":12,"column":78},"end":{"line":12,"column":131}},"14":{"start":{"line":12,"column":132},"end":{"line":12,"column":193}},"15":{"start":{"line":12,"column":149},"end":{"line":12,"column":193}},"16":{"start":{"line":12,"column":194},"end":{"line":12,"column":213}},"17":{"start":{"line":16,"column":0},"end":{"line":117,"column":3}},"18":{"start":{"line":18,"column":4},"end":{"line":18,"column":32}},"19":{"start":{"line":20,"column":4},"end":{"line":64,"column":7}},"20":{"start":{"line":67,"column":2},"end":{"line":114,"column":6}},"21":{"start":{"line":70,"column":19},"end":{"line":70,"column":39}},"22":{"start":{"line":71,"column":20},"end":{"line":82,"column":7}},"23":{"start":{"line":83,"column":6},"end":{"line":83,"column":30}},"24":{"start":{"line":84,"column":6},"end":{"line":84,"column":21}},"25":{"start":{"line":89,"column":6},"end":{"line":91,"column":9}},"26":{"start":{"line":90,"column":8},"end":{"line":90,"column":36}},"27":{"start":{"line":96,"column":6},"end":{"line":98,"column":9}},"28":{"start":{"line":97,"column":8},"end":{"line":97,"column":30}},"29":{"start":{"line":103,"column":6},"end":{"line":105,"column":9}},"30":{"start":{"line":104,"column":8},"end":{"line":104,"column":40}},"31":{"start":{"line":110,"column":23},"end":{"line":110,"column":40}},"32":{"start":{"line":111,"column":18},"end":{"line":111,"column":47}},"33":{"start":{"line":112,"column":6},"end":{"line":112,"column":37}},"34":{"start":{"line":116,"column":2},"end":{"line":116,"column":14}},"35":{"start":{"line":119,"column":15},"end":{"line":119,"column":25}},"36":{"start":{"line":121,"column":0},"end":{"line":121,"column":30}}},"fnMap":{"0":{"name":"_classCallCheck","decl":{"start":{"line":8,"column":9},"end":{"line":8,"column":24}},"loc":{"start":{"line":8,"column":48},"end":{"line":8,"column":153}},"line":8},"1":{"name":"_defineProperties","decl":{"start":{"line":10,"column":9},"end":{"line":10,"column":26}},"loc":{"start":{"line":10,"column":42},"end":{"line":10,"column":317}},"line":10},"2":{"name":"_createClass","decl":{"start":{"line":12,"column":9},"end":{"line":12,"column":21}},"loc":{"start":{"line":12,"column":60},"end":{"line":12,"column":215}},"line":12},"3":{"name":"(anonymous_3)","decl":{"start":{"line":16,"column":0},"end":{"line":16,"column":1}},"loc":{"start":{"line":16,"column":12},"end":{"line":117,"column":1}},"line":16},"4":{"name":"User","decl":{"start":{"line":17,"column":11},"end":{"line":17,"column":15}},"loc":{"start":{"line":17,"column":18},"end":{"line":65,"column":3}},"line":17},"5":{"name":"create","decl":{"start":{"line":69,"column":20},"end":{"line":69,"column":26}},"loc":{"start":{"line":69,"column":33},"end":{"line":85,"column":5}},"line":69},"6":{"name":"findByEmail","decl":{"start":{"line":88,"column":20},"end":{"line":88,"column":31}},"loc":{"start":{"line":88,"column":39},"end":{"line":92,"column":5}},"line":88},"7":{"name":"(anonymous_7)","decl":{"start":{"line":89,"column":28},"end":{"line":89,"column":29}},"loc":{"start":{"line":89,"column":45},"end":{"line":91,"column":7}},"line":89},"8":{"name":"findById","decl":{"start":{"line":95,"column":20},"end":{"line":95,"column":28}},"loc":{"start":{"line":95,"column":33},"end":{"line":99,"column":5}},"line":95},"9":{"name":"(anonymous_9)","decl":{"start":{"line":96,"column":28},"end":{"line":96,"column":29}},"loc":{"start":{"line":96,"column":45},"end":{"line":98,"column":7}},"line":96},"10":{"name":"findAll","decl":{"start":{"line":102,"column":20},"end":{"line":102,"column":27}},"loc":{"start":{"line":102,"column":30},"end":{"line":106,"column":5}},"line":102},"11":{"name":"(anonymous_11)","decl":{"start":{"line":103,"column":30},"end":{"line":103,"column":31}},"loc":{"start":{"line":103,"column":47},"end":{"line":105,"column":7}},"line":103},"12":{"name":"update","decl":{"start":{"line":109,"column":20},"end":{"line":109,"column":26}},"loc":{"start":{"line":109,"column":31},"end":{"line":113,"column":5}},"line":109}},"branchMap":{"0":{"loc":{"start":{"line":8,"column":50},"end":{"line":8,"column":151}},"type":"if","locations":[{"start":{"line":8,"column":50},"end":{"line":8,"column":151}},{"start":{"line":8,"column":50},"end":{"line":8,"column":151}}],"line":8},"1":{"loc":{"start":{"line":10,"column":136},"end":{"line":10,"column":166}},"type":"binary-expr","locations":[{"start":{"line":10,"column":136},"end":{"line":10,"column":157}},{"start":{"line":10,"column":161},"end":{"line":10,"column":166}}],"line":10},"2":{"loc":{"start":{"line":10,"column":200},"end":{"line":10,"column":254}},"type":"if","locations":[{"start":{"line":10,"column":200},"end":{"line":10,"column":254}},{"start":{"line":10,"column":200},"end":{"line":10,"column":254}}],"line":10},"3":{"loc":{"start":{"line":12,"column":62},"end":{"line":12,"column":131}},"type":"if","locations":[{"start":{"line":12,"column":62},"end":{"line":12,"column":131}},{"start":{"line":12,"column":62},"end":{"line":12,"column":131}}],"line":12},"4":{"loc":{"start":{"line":12,"column":132},"end":{"line":12,"column":193}},"type":"if","locations":[{"start":{"line":12,"column":132},"end":{"line":12,"column":193}},{"start":{"line":12,"column":132},"end":{"line":12,"column":193}}],"line":12},"5":{"loc":{"start":{"line":73,"column":19},"end":{"line":73,"column":39}},"type":"binary-expr","locations":[{"start":{"line":73,"column":19},"end":{"line":73,"column":33}},{"start":{"line":73,"column":37},"end":{"line":73,"column":39}}],"line":73},"6":{"loc":{"start":{"line":74,"column":18},"end":{"line":74,"column":37}},"type":"binary-expr","locations":[{"start":{"line":74,"column":18},"end":{"line":74,"column":31}},{"start":{"line":74,"column":35},"end":{"line":74,"column":37}}],"line":74},"7":{"loc":{"start":{"line":75,"column":15},"end":{"line":75,"column":31}},"type":"binary-expr","locations":[{"start":{"line":75,"column":15},"end":{"line":75,"column":25}},{"start":{"line":75,"column":29},"end":{"line":75,"column":31}}],"line":75},"8":{"loc":{"start":{"line":76,"column":18},"end":{"line":76,"column":37}},"type":"binary-expr","locations":[{"start":{"line":76,"column":18},"end":{"line":76,"column":31}},{"start":{"line":76,"column":35},"end":{"line":76,"column":37}}],"line":76},"9":{"loc":{"start":{"line":77,"column":17},"end":{"line":77,"column":35}},"type":"binary-expr","locations":[{"start":{"line":77,"column":17},"end":{"line":77,"column":29}},{"start":{"line":77,"column":33},"end":{"line":77,"column":35}}],"line":77},"10":{"loc":{"start":{"line":78,"column":13},"end":{"line":78,"column":27}},"type":"binary-expr","locations":[{"start":{"line":78,"column":13},"end":{"line":78,"column":21}},{"start":{"line":78,"column":25},"end":{"line":78,"column":27}}],"line":78},"11":{"loc":{"start":{"line":79,"column":16},"end":{"line":79,"column":37}},"type":"binary-expr","locations":[{"start":{"line":79,"column":16},"end":{"line":79,"column":27}},{"start":{"line":79,"column":31},"end":{"line":79,"column":37}}],"line":79},"12":{"loc":{"start":{"line":80,"column":20},"end":{"line":80,"column":41}},"type":"binary-expr","locations":[{"start":{"line":80,"column":20},"end":{"line":80,"column":35}},{"start":{"line":80,"column":39},"end":{"line":80,"column":41}}],"line":80},"13":{"loc":{"start":{"line":81,"column":19},"end":{"line":81,"column":39}},"type":"binary-expr","locations":[{"start":{"line":81,"column":19},"end":{"line":81,"column":33}},{"start":{"line":81,"column":37},"end":{"line":81,"column":39}}],"line":81}},"s":{"0":1,"1":1,"2":1,"3":0,"4":1,"5":1,"6":5,"7":5,"8":5,"9":5,"10":5,"11":5,"12":1,"13":1,"14":1,"15":0,"16":1,"17":1,"18":1,"19":1,"20":1,"21":1,"22":1,"23":1,"24":1,"25":6,"26":16,"27":26,"28":50,"29":2,"30":8,"31":3,"32":3,"33":3,"34":1,"35":1,"36":1},"f":{"0":1,"1":1,"2":1,"3":1,"4":1,"5":1,"6":6,"7":16,"8":26,"9":50,"10":2,"11":8,"12":3},"b":{"0":[0,1],"1":[5,5],"2":[5,0],"3":[1,0],"4":[0,1],"5":[1,0],"6":[1,0],"7":[1,0],"8":[1,0],"9":[1,0],"10":[1,0],"11":[1,1],"12":[1,0],"13":[1,0]},"_coverageSchema":"43e27e138ebf9cfc5966b082cf9a028302ed4184","hash":"e5a05fdc530b218178f489c355e889bd1ed26cdb","contentHash":"bbedeeac3cfe526d4a7cdf76da5a60961dcc0e4cc98b8645bd10d2cee3fb6514"},"C:\\my properties\\now\\andela's document\\BootComp\\FreeMentor\\server\\controllers\\changeUSer.js":{"path":"C:\\my properties\\now\\andela's document\\BootComp\\FreeMentor\\server\\controllers\\changeUSer.js","statementMap":{"0":{"start":{"line":3,"column":0},"end":{"line":5,"column":3}},"1":{"start":{"line":6,"column":0},"end":{"line":6,"column":28}},"2":{"start":{"line":8,"column":18},"end":{"line":8,"column":85}},"3":{"start":{"line":10,"column":39},"end":{"line":10,"column":95}},"4":{"start":{"line":12,"column":54},"end":{"line":12,"column":73}},"5":{"start":{"line":12,"column":75},"end":{"line":12,"column":326}},"6":{"start":{"line":12,"column":125},"end":{"line":12,"column":161}},"7":{"start":{"line":12,"column":163},"end":{"line":12,"column":292}},"8":{"start":{"line":12,"column":183},"end":{"line":12,"column":292}},"9":{"start":{"line":12,"column":225},"end":{"line":12,"column":288}},"10":{"start":{"line":12,"column":293},"end":{"line":12,"column":324}},"11":{"start":{"line":12,"column":327},"end":{"line":12,"column":339}},"12":{"start":{"line":14,"column":33},"end":{"line":14,"column":501}},"13":{"start":{"line":14,"column":46},"end":{"line":14,"column":47}},"14":{"start":{"line":14,"column":91},"end":{"line":14,"column":131}},"15":{"start":{"line":14,"column":133},"end":{"line":14,"column":499}},"16":{"start":{"line":14,"column":146},"end":{"line":14,"column":239}},"17":{"start":{"line":14,"column":193},"end":{"line":14,"column":235}},"18":{"start":{"line":14,"column":247},"end":{"line":14,"column":499}},"19":{"start":{"line":14,"column":287},"end":{"line":14,"column":361}},"20":{"start":{"line":14,"column":371},"end":{"line":14,"column":497}},"21":{"start":{"line":14,"column":412},"end":{"line":14,"column":493}},"22":{"start":{"line":14,"column":502},"end":{"line":14,"column":516}},"23":{"start":{"line":16,"column":44},"end":{"line":16,"column":195}},"24":{"start":{"line":16,"column":62},"end":{"line":16,"column":166}},"25":{"start":{"line":16,"column":176},"end":{"line":16,"column":193}},"26":{"start":{"line":16,"column":196},"end":{"line":16,"column":207}},"27":{"start":{"line":18,"column":54},"end":{"line":18,"column":84}},"28":{"start":{"line":18,"column":74},"end":{"line":18,"column":84}},"29":{"start":{"line":18,"column":98},"end":{"line":18,"column":145}},"30":{"start":{"line":18,"column":159},"end":{"line":18,"column":475}},"31":{"start":{"line":18,"column":218},"end":{"line":18,"column":254}},"32":{"start":{"line":18,"column":256},"end":{"line":18,"column":473}},"33":{"start":{"line":18,"column":304},"end":{"line":18,"column":330}},"34":{"start":{"line":18,"column":331},"end":{"line":18,"column":372}},"35":{"start":{"line":18,"column":363},"end":{"line":18,"column":372}},"36":{"start":{"line":18,"column":373},"end":{"line":18,"column":444}},"37":{"start":{"line":18,"column":435},"end":{"line":18,"column":444}},"38":{"start":{"line":18,"column":445},"end":{"line":18,"column":471}},"39":{"start":{"line":18,"column":476},"end":{"line":18,"column":490}},"40":{"start":{"line":20,"column":59},"end":{"line":20,"column":89}},"41":{"start":{"line":20,"column":79},"end":{"line":20,"column":89}},"42":{"start":{"line":20,"column":103},"end":{"line":20,"column":105}},"43":{"start":{"line":20,"column":124},"end":{"line":20,"column":143}},"44":{"start":{"line":20,"column":157},"end":{"line":20,"column":290}},"45":{"start":{"line":20,"column":199},"end":{"line":20,"column":219}},"46":{"start":{"line":20,"column":220},"end":{"line":20,"column":261}},"47":{"start":{"line":20,"column":252},"end":{"line":20,"column":261}},"48":{"start":{"line":20,"column":262},"end":{"line":20,"column":288}},"49":{"start":{"line":20,"column":291},"end":{"line":20,"column":305}},"50":{"start":{"line":22,"column":17},"end":{"line":54,"column":1}},"51":{"start":{"line":24,"column":17},"end":{"line":24,"column":73}},"52":{"start":{"line":26,"column":4},"end":{"line":52,"column":5}},"53":{"start":{"line":27,"column":6},"end":{"line":30,"column":9}},"54":{"start":{"line":32,"column":26},"end":{"line":32,"column":70}},"55":{"start":{"line":34,"column":6},"end":{"line":51,"column":7}},"56":{"start":{"line":35,"column":8},"end":{"line":35,"column":33}},"57":{"start":{"line":37,"column":23},"end":{"line":37,"column":38}},"58":{"start":{"line":38,"column":22},"end":{"line":38,"column":68}},"59":{"start":{"line":40,"column":8},"end":{"line":45,"column":11}},"60":{"start":{"line":47,"column":8},"end":{"line":50,"column":11}},"61":{"start":{"line":55,"column":15},"end":{"line":55,"column":25}},"62":{"start":{"line":56,"column":0},"end":{"line":56,"column":30}}},"fnMap":{"0":{"name":"_interopRequireDefault","decl":{"start":{"line":10,"column":9},"end":{"line":10,"column":31}},"loc":{"start":{"line":10,"column":37},"end":{"line":10,"column":97}},"line":10},"1":{"name":"ownKeys","decl":{"start":{"line":12,"column":9},"end":{"line":12,"column":16}},"loc":{"start":{"line":12,"column":41},"end":{"line":12,"column":341}},"line":12},"2":{"name":"(anonymous_2)","decl":{"start":{"line":12,"column":208},"end":{"line":12,"column":209}},"loc":{"start":{"line":12,"column":223},"end":{"line":12,"column":290}},"line":12},"3":{"name":"_objectSpread","decl":{"start":{"line":14,"column":9},"end":{"line":14,"column":22}},"loc":{"start":{"line":14,"column":31},"end":{"line":14,"column":518}},"line":14},"4":{"name":"(anonymous_4)","decl":{"start":{"line":14,"column":176},"end":{"line":14,"column":177}},"loc":{"start":{"line":14,"column":191},"end":{"line":14,"column":237}},"line":14},"5":{"name":"(anonymous_5)","decl":{"start":{"line":14,"column":395},"end":{"line":14,"column":396}},"loc":{"start":{"line":14,"column":410},"end":{"line":14,"column":495}},"line":14},"6":{"name":"_defineProperty","decl":{"start":{"line":16,"column":9},"end":{"line":16,"column":24}},"loc":{"start":{"line":16,"column":42},"end":{"line":16,"column":209}},"line":16},"7":{"name":"_objectWithoutProperties","decl":{"start":{"line":18,"column":9},"end":{"line":18,"column":33}},"loc":{"start":{"line":18,"column":52},"end":{"line":18,"column":492}},"line":18},"8":{"name":"_objectWithoutPropertiesLoose","decl":{"start":{"line":20,"column":9},"end":{"line":20,"column":38}},"loc":{"start":{"line":20,"column":57},"end":{"line":20,"column":307}},"line":20},"9":{"name":"changeStatus","decl":{"start":{"line":23,"column":25},"end":{"line":23,"column":37}},"loc":{"start":{"line":23,"column":48},"end":{"line":53,"column":3}},"line":23}},"branchMap":{"0":{"loc":{"start":{"line":10,"column":46},"end":{"line":10,"column":94}},"type":"cond-expr","locations":[{"start":{"line":10,"column":70},"end":{"line":10,"column":73}},{"start":{"line":10,"column":76},"end":{"line":10,"column":94}}],"line":10},"1":{"loc":{"start":{"line":10,"column":46},"end":{"line":10,"column":67}},"type":"binary-expr","locations":[{"start":{"line":10,"column":46},"end":{"line":10,"column":49}},{"start":{"line":10,"column":53},"end":{"line":10,"column":67}}],"line":10},"2":{"loc":{"start":{"line":12,"column":75},"end":{"line":12,"column":326}},"type":"if","locations":[{"start":{"line":12,"column":75},"end":{"line":12,"column":326}},{"start":{"line":12,"column":75},"end":{"line":12,"column":326}}],"line":12},"3":{"loc":{"start":{"line":12,"column":163},"end":{"line":12,"column":292}},"type":"if","locations":[{"start":{"line":12,"column":163},"end":{"line":12,"column":292}},{"start":{"line":12,"column":163},"end":{"line":12,"column":292}}],"line":12},"4":{"loc":{"start":{"line":14,"column":91},"end":{"line":14,"column":131}},"type":"cond-expr","locations":[{"start":{"line":14,"column":114},"end":{"line":14,"column":126}},{"start":{"line":14,"column":129},"end":{"line":14,"column":131}}],"line":14},"5":{"loc":{"start":{"line":14,"column":133},"end":{"line":14,"column":499}},"type":"if","locations":[{"start":{"line":14,"column":133},"end":{"line":14,"column":499}},{"start":{"line":14,"column":133},"end":{"line":14,"column":499}}],"line":14},"6":{"loc":{"start":{"line":14,"column":247},"end":{"line":14,"column":499}},"type":"if","locations":[{"start":{"line":14,"column":247},"end":{"line":14,"column":499}},{"start":{"line":14,"column":247},"end":{"line":14,"column":499}}],"line":14},"7":{"loc":{"start":{"line":16,"column":44},"end":{"line":16,"column":195}},"type":"if","locations":[{"start":{"line":16,"column":44},"end":{"line":16,"column":195}},{"start":{"line":16,"column":44},"end":{"line":16,"column":195}}],"line":16},"8":{"loc":{"start":{"line":18,"column":54},"end":{"line":18,"column":84}},"type":"if","locations":[{"start":{"line":18,"column":54},"end":{"line":18,"column":84}},{"start":{"line":18,"column":54},"end":{"line":18,"column":84}}],"line":18},"9":{"loc":{"start":{"line":18,"column":159},"end":{"line":18,"column":475}},"type":"if","locations":[{"start":{"line":18,"column":159},"end":{"line":18,"column":475}},{"start":{"line":18,"column":159},"end":{"line":18,"column":475}}],"line":18},"10":{"loc":{"start":{"line":18,"column":331},"end":{"line":18,"column":372}},"type":"if","locations":[{"start":{"line":18,"column":331},"end":{"line":18,"column":372}},{"start":{"line":18,"column":331},"end":{"line":18,"column":372}}],"line":18},"11":{"loc":{"start":{"line":18,"column":373},"end":{"line":18,"column":444}},"type":"if","locations":[{"start":{"line":18,"column":373},"end":{"line":18,"column":444}},{"start":{"line":18,"column":373},"end":{"line":18,"column":444}}],"line":18},"12":{"loc":{"start":{"line":20,"column":59},"end":{"line":20,"column":89}},"type":"if","locations":[{"start":{"line":20,"column":59},"end":{"line":20,"column":89}},{"start":{"line":20,"column":59},"end":{"line":20,"column":89}}],"line":20},"13":{"loc":{"start":{"line":20,"column":220},"end":{"line":20,"column":261}},"type":"if","locations":[{"start":{"line":20,"column":220},"end":{"line":20,"column":261}},{"start":{"line":20,"column":220},"end":{"line":20,"column":261}}],"line":20},"14":{"loc":{"start":{"line":26,"column":4},"end":{"line":52,"column":5}},"type":"if","locations":[{"start":{"line":26,"column":4},"end":{"line":52,"column":5}},{"start":{"line":26,"column":4},"end":{"line":52,"column":5}}],"line":26},"15":{"loc":{"start":{"line":34,"column":6},"end":{"line":51,"column":7}},"type":"if","locations":[{"start":{"line":34,"column":6},"end":{"line":51,"column":7}},{"start":{"line":34,"column":6},"end":{"line":51,"column":7}}],"line":34}},"s":{"0":1,"1":1,"2":1,"3":1,"4":1,"5":1,"6":1,"7":1,"8":1,"9":0,"10":1,"11":1,"12":1,"13":1,"14":1,"15":1,"16":1,"17":9,"18":0,"19":0,"20":0,"21":0,"22":1,"23":9,"24":0,"25":9,"26":9,"27":1,"28":0,"29":1,"30":1,"31":1,"32":1,"33":0,"34":0,"35":0,"36":0,"37":0,"38":0,"39":1,"40":1,"41":0,"42":1,"43":1,"44":1,"45":10,"46":10,"47":1,"48":9,"49":1,"50":1,"51":3,"52":3,"53":1,"54":2,"55":2,"56":1,"57":1,"58":1,"59":1,"60":1,"61":1,"62":1},"f":{"0":1,"1":1,"2":0,"3":1,"4":9,"5":0,"6":9,"7":1,"8":1,"9":3},"b":{"0":[1,0],"1":[1,1],"2":[1,0],"3":[1,0],"4":[1,0],"5":[1,0],"6":[0,0],"7":[0,9],"8":[0,1],"9":[1,0],"10":[0,0],"11":[0,0],"12":[0,1],"13":[1,9],"14":[1,2],"15":[1,1]},"_coverageSchema":"43e27e138ebf9cfc5966b082cf9a028302ed4184","hash":"f64b5d617e366b709046e4783a343ed2c0fce89f","contentHash":"f50cea91ae4950d8374ccb74d2c6d0b1f8713dee9b2905d190b46d0b7ff0acd8"},"C:\\my properties\\now\\andela's document\\BootComp\\FreeMentor\\server\\middleware\\auth.js":{"path":"C:\\my properties\\now\\andela's document\\BootComp\\FreeMentor\\server\\middleware\\auth.js","statementMap":{"0":{"start":{"line":3,"column":0},"end":{"line":5,"column":3}},"1":{"start":{"line":6,"column":0},"end":{"line":6,"column":28}},"2":{"start":{"line":8,"column":20},"end":{"line":8,"column":67}},"3":{"start":{"line":10,"column":18},"end":{"line":10,"column":85}},"4":{"start":{"line":12,"column":39},"end":{"line":12,"column":95}},"5":{"start":{"line":14,"column":16},"end":{"line":95,"column":1}},"6":{"start":{"line":16,"column":17},"end":{"line":16,"column":39}},"7":{"start":{"line":18,"column":4},"end":{"line":23,"column":5}},"8":{"start":{"line":19,"column":6},"end":{"line":22,"column":9}},"9":{"start":{"line":25,"column":4},"end":{"line":25,"column":11}},"10":{"start":{"line":28,"column":17},"end":{"line":28,"column":39}},"11":{"start":{"line":30,"column":4},"end":{"line":35,"column":5}},"12":{"start":{"line":31,"column":6},"end":{"line":34,"column":9}},"13":{"start":{"line":37,"column":4},"end":{"line":37,"column":11}},"14":{"start":{"line":40,"column":17},"end":{"line":40,"column":39}},"15":{"start":{"line":42,"column":4},"end":{"line":47,"column":5}},"16":{"start":{"line":43,"column":6},"end":{"line":46,"column":9}},"17":{"start":{"line":49,"column":4},"end":{"line":49,"column":11}},"18":{"start":{"line":52,"column":4},"end":{"line":93,"column":5}},"19":{"start":{"line":53,"column":19},"end":{"line":53,"column":47}},"20":{"start":{"line":55,"column":6},"end":{"line":87,"column":7}},"21":{"start":{"line":56,"column":25},"end":{"line":56,"column":42}},"22":{"start":{"line":57,"column":20},"end":{"line":57,"column":33}},"23":{"start":{"line":58,"column":8},"end":{"line":58,"column":26}},"24":{"start":{"line":60,"column":8},"end":{"line":81,"column":11}},"25":{"start":{"line":61,"column":19},"end":{"line":61,"column":26}},"26":{"start":{"line":63,"column":10},"end":{"line":68,"column":11}},"27":{"start":{"line":64,"column":12},"end":{"line":67,"column":15}},"28":{"start":{"line":70,"column":21},"end":{"line":70,"column":56}},"29":{"start":{"line":72,"column":10},"end":{"line":77,"column":11}},"30":{"start":{"line":73,"column":12},"end":{"line":76,"column":15}},"31":{"start":{"line":79,"column":10},"end":{"line":79,"column":33}},"32":{"start":{"line":80,"column":10},"end":{"line":80,"column":17}},"33":{"start":{"line":83,"column":8},"end":{"line":86,"column":11}},"34":{"start":{"line":89,"column":6},"end":{"line":92,"column":9}},"35":{"start":{"line":96,"column":15},"end":{"line":96,"column":24}},"36":{"start":{"line":97,"column":0},"end":{"line":97,"column":30}}},"fnMap":{"0":{"name":"_interopRequireDefault","decl":{"start":{"line":12,"column":9},"end":{"line":12,"column":31}},"loc":{"start":{"line":12,"column":37},"end":{"line":12,"column":97}},"line":12},"1":{"name":"verifyAdmin","decl":{"start":{"line":15,"column":24},"end":{"line":15,"column":35}},"loc":{"start":{"line":15,"column":52},"end":{"line":26,"column":3}},"line":15},"2":{"name":"verifyMentor","decl":{"start":{"line":27,"column":25},"end":{"line":27,"column":37}},"loc":{"start":{"line":27,"column":54},"end":{"line":38,"column":3}},"line":27},"3":{"name":"verifyUser","decl":{"start":{"line":39,"column":23},"end":{"line":39,"column":33}},"loc":{"start":{"line":39,"column":50},"end":{"line":50,"column":3}},"line":39},"4":{"name":"verifyToken","decl":{"start":{"line":51,"column":24},"end":{"line":51,"column":35}},"loc":{"start":{"line":51,"column":52},"end":{"line":94,"column":3}},"line":51},"5":{"name":"(anonymous_5)","decl":{"start":{"line":60,"column":75},"end":{"line":60,"column":76}},"loc":{"start":{"line":60,"column":96},"end":{"line":81,"column":9}},"line":60}},"branchMap":{"0":{"loc":{"start":{"line":12,"column":46},"end":{"line":12,"column":94}},"type":"cond-expr","locations":[{"start":{"line":12,"column":70},"end":{"line":12,"column":73}},{"start":{"line":12,"column":76},"end":{"line":12,"column":94}}],"line":12},"1":{"loc":{"start":{"line":12,"column":46},"end":{"line":12,"column":67}},"type":"binary-expr","locations":[{"start":{"line":12,"column":46},"end":{"line":12,"column":49}},{"start":{"line":12,"column":53},"end":{"line":12,"column":67}}],"line":12},"2":{"loc":{"start":{"line":18,"column":4},"end":{"line":23,"column":5}},"type":"if","locations":[{"start":{"line":18,"column":4},"end":{"line":23,"column":5}},{"start":{"line":18,"column":4},"end":{"line":23,"column":5}}],"line":18},"3":{"loc":{"start":{"line":30,"column":4},"end":{"line":35,"column":5}},"type":"if","locations":[{"start":{"line":30,"column":4},"end":{"line":35,"column":5}},{"start":{"line":30,"column":4},"end":{"line":35,"column":5}}],"line":30},"4":{"loc":{"start":{"line":42,"column":4},"end":{"line":47,"column":5}},"type":"if","locations":[{"start":{"line":42,"column":4},"end":{"line":47,"column":5}},{"start":{"line":42,"column":4},"end":{"line":47,"column":5}}],"line":42},"5":{"loc":{"start":{"line":55,"column":6},"end":{"line":87,"column":7}},"type":"if","locations":[{"start":{"line":55,"column":6},"end":{"line":87,"column":7}},{"start":{"line":55,"column":6},"end":{"line":87,"column":7}}],"line":55},"6":{"loc":{"start":{"line":63,"column":10},"end":{"line":68,"column":11}},"type":"if","locations":[{"start":{"line":63,"column":10},"end":{"line":68,"column":11}},{"start":{"line":63,"column":10},"end":{"line":68,"column":11}}],"line":63},"7":{"loc":{"start":{"line":72,"column":10},"end":{"line":77,"column":11}},"type":"if","locations":[{"start":{"line":72,"column":10},"end":{"line":77,"column":11}},{"start":{"line":72,"column":10},"end":{"line":77,"column":11}}],"line":72}},"s":{"0":1,"1":1,"2":1,"3":1,"4":2,"5":1,"6":4,"7":4,"8":1,"9":3,"10":5,"11":5,"12":1,"13":4,"14":6,"15":6,"16":1,"17":5,"18":18,"19":18,"20":18,"21":17,"22":17,"23":17,"24":17,"25":17,"26":16,"27":0,"28":16,"29":16,"30":1,"31":15,"32":15,"33":1,"34":1,"35":1,"36":1},"f":{"0":2,"1":4,"2":5,"3":6,"4":18,"5":17},"b":{"0":[1,1],"1":[2,2],"2":[1,3],"3":[1,4],"4":[1,5],"5":[17,1],"6":[0,16],"7":[1,15]},"_coverageSchema":"43e27e138ebf9cfc5966b082cf9a028302ed4184","hash":"56ecad0f3634ea24891b1bc372c12a3584aa902c","contentHash":"f597152abfe7a6588c77a5eb0609558571268840937e71f945688e177db84456"},"C:\\my properties\\now\\andela's document\\BootComp\\FreeMentor\\server\\controllers\\viewMentor.js":{"path":"C:\\my properties\\now\\andela's document\\BootComp\\FreeMentor\\server\\controllers\\viewMentor.js","statementMap":{"0":{"start":{"line":3,"column":0},"end":{"line":5,"column":3}},"1":{"start":{"line":6,"column":0},"end":{"line":6,"column":28}},"2":{"start":{"line":8,"column":18},"end":{"line":8,"column":85}},"3":{"start":{"line":10,"column":39},"end":{"line":10,"column":95}},"4":{"start":{"line":12,"column":54},"end":{"line":12,"column":84}},"5":{"start":{"line":12,"column":74},"end":{"line":12,"column":84}},"6":{"start":{"line":12,"column":98},"end":{"line":12,"column":145}},"7":{"start":{"line":12,"column":159},"end":{"line":12,"column":475}},"8":{"start":{"line":12,"column":218},"end":{"line":12,"column":254}},"9":{"start":{"line":12,"column":256},"end":{"line":12,"column":473}},"10":{"start":{"line":12,"column":304},"end":{"line":12,"column":330}},"11":{"start":{"line":12,"column":331},"end":{"line":12,"column":372}},"12":{"start":{"line":12,"column":363},"end":{"line":12,"column":372}},"13":{"start":{"line":12,"column":373},"end":{"line":12,"column":444}},"14":{"start":{"line":12,"column":435},"end":{"line":12,"column":444}},"15":{"start":{"line":12,"column":445},"end":{"line":12,"column":471}},"16":{"start":{"line":12,"column":476},"end":{"line":12,"column":490}},"17":{"start":{"line":14,"column":59},"end":{"line":14,"column":89}},"18":{"start":{"line":14,"column":79},"end":{"line":14,"column":89}},"19":{"start":{"line":14,"column":103},"end":{"line":14,"column":105}},"20":{"start":{"line":14,"column":124},"end":{"line":14,"column":143}},"21":{"start":{"line":14,"column":157},"end":{"line":14,"column":290}},"22":{"start":{"line":14,"column":199},"end":{"line":14,"column":219}},"23":{"start":{"line":14,"column":220},"end":{"line":14,"column":261}},"24":{"start":{"line":14,"column":252},"end":{"line":14,"column":261}},"25":{"start":{"line":14,"column":262},"end":{"line":14,"column":288}},"26":{"start":{"line":14,"column":291},"end":{"line":14,"column":305}},"27":{"start":{"line":16,"column":50},"end":{"line":16,"column":151}},"28":{"start":{"line":16,"column":92},"end":{"line":16,"column":149}},"29":{"start":{"line":18,"column":44},"end":{"line":18,"column":315}},"30":{"start":{"line":18,"column":57},"end":{"line":18,"column":58}},"31":{"start":{"line":18,"column":102},"end":{"line":18,"column":110}},"32":{"start":{"line":18,"column":112},"end":{"line":18,"column":167}},"33":{"start":{"line":18,"column":168},"end":{"line":18,"column":199}},"34":{"start":{"line":18,"column":200},"end":{"line":18,"column":254}},"35":{"start":{"line":18,"column":227},"end":{"line":18,"column":254}},"36":{"start":{"line":18,"column":255},"end":{"line":18,"column":313}},"37":{"start":{"line":20,"column":62},"end":{"line":20,"column":131}},"38":{"start":{"line":20,"column":78},"end":{"line":20,"column":131}},"39":{"start":{"line":20,"column":132},"end":{"line":20,"column":193}},"40":{"start":{"line":20,"column":149},"end":{"line":20,"column":193}},"41":{"start":{"line":20,"column":194},"end":{"line":20,"column":213}},"42":{"start":{"line":24,"column":0},"end":{"line":71,"column":3}},"43":{"start":{"line":26,"column":4},"end":{"line":26,"column":36}},"44":{"start":{"line":29,"column":2},"end":{"line":68,"column":6}},"45":{"start":{"line":32,"column":20},"end":{"line":32,"column":52}},"46":{"start":{"line":34,"column":6},"end":{"line":37,"column":9}},"47":{"start":{"line":42,"column":15},"end":{"line":42,"column":28}},"48":{"start":{"line":44,"column":19},"end":{"line":44,"column":64}},"49":{"start":{"line":46,"column":6},"end":{"line":51,"column":7}},"50":{"start":{"line":47,"column":8},"end":{"line":50,"column":11}},"51":{"start":{"line":53,"column":6},"end":{"line":61,"column":7}},"52":{"start":{"line":54,"column":23},"end":{"line":54,"column":38}},"53":{"start":{"line":55,"column":24},"end":{"line":55,"column":70}},"54":{"start":{"line":57,"column":8},"end":{"line":60,"column":11}},"55":{"start":{"line":63,"column":6},"end":{"line":66,"column":9}},"56":{"start":{"line":70,"column":2},"end":{"line":70,"column":18}},"57":{"start":{"line":73,"column":15},"end":{"line":73,"column":29}},"58":{"start":{"line":75,"column":0},"end":{"line":75,"column":30}}},"fnMap":{"0":{"name":"_interopRequireDefault","decl":{"start":{"line":10,"column":9},"end":{"line":10,"column":31}},"loc":{"start":{"line":10,"column":37},"end":{"line":10,"column":97}},"line":10},"1":{"name":"_objectWithoutProperties","decl":{"start":{"line":12,"column":9},"end":{"line":12,"column":33}},"loc":{"start":{"line":12,"column":52},"end":{"line":12,"column":492}},"line":12},"2":{"name":"_objectWithoutPropertiesLoose","decl":{"start":{"line":14,"column":9},"end":{"line":14,"column":38}},"loc":{"start":{"line":14,"column":57},"end":{"line":14,"column":307}},"line":14},"3":{"name":"_classCallCheck","decl":{"start":{"line":16,"column":9},"end":{"line":16,"column":24}},"loc":{"start":{"line":16,"column":48},"end":{"line":16,"column":153}},"line":16},"4":{"name":"_defineProperties","decl":{"start":{"line":18,"column":9},"end":{"line":18,"column":26}},"loc":{"start":{"line":18,"column":42},"end":{"line":18,"column":317}},"line":18},"5":{"name":"_createClass","decl":{"start":{"line":20,"column":9},"end":{"line":20,"column":21}},"loc":{"start":{"line":20,"column":60},"end":{"line":20,"column":215}},"line":20},"6":{"name":"(anonymous_6)","decl":{"start":{"line":24,"column":0},"end":{"line":24,"column":1}},"loc":{"start":{"line":24,"column":12},"end":{"line":71,"column":1}},"line":24},"7":{"name":"vMentors","decl":{"start":{"line":25,"column":11},"end":{"line":25,"column":19}},"loc":{"start":{"line":25,"column":22},"end":{"line":27,"column":3}},"line":25},"8":{"name":"get","decl":{"start":{"line":31,"column":20},"end":{"line":31,"column":23}},"loc":{"start":{"line":31,"column":34},"end":{"line":38,"column":5}},"line":31},"9":{"name":"getOne","decl":{"start":{"line":41,"column":20},"end":{"line":41,"column":26}},"loc":{"start":{"line":41,"column":37},"end":{"line":67,"column":5}},"line":4
[...]
ept","decl":{"start":{"line":57,"column":20},"end":{"line":57,"column":26}},"loc":{"start":{"line":57,"column":37},"end":{"line":72,"column":5}},"line":57},"15":{"name":"reject","decl":{"start":{"line":75,"column":20},"end":{"line":75,"column":26}},"loc":{"start":{"line":75,"column":37},"end":{"line":90,"column":5}},"line":75}},"branchMap":{"0":{"loc":{"start":{"line":12,"column":46},"end":{"line":12,"column":94}},"type":"cond-expr","locations":[{"start":{"line":12,"column":70},"end":{"line":12,"column":73}},{"start":{"line":12,"column":76},"end":{"line":12,"column":94}}],"line":12},"1":{"loc":{"start":{"line":12,"column":46},"end":{"line":12,"column":67}},"type":"binary-expr","locations":[{"start":{"line":12,"column":46},"end":{"line":12,"column":49}},{"start":{"line":12,"column":53},"end":{"line":12,"column":67}}],"line":12},"2":{"loc":{"start":{"line":14,"column":75},"end":{"line":14,"column":326}},"type":"if","locations":[{"start":{"line":14,"column":75},"end":{"line":14,"column":326}},{"start":{"line":14,"column":75},"end":{"line":14,"column":326}}],"line":14},"3":{"loc":{"start":{"line":14,"column":163},"end":{"line":14,"column":292}},"type":"if","locations":[{"start":{"line":14,"column":163},"end":{"line":14,"column":292}},{"start":{"line":14,"column":163},"end":{"line":14,"column":292}}],"line":14},"4":{"loc":{"start":{"line":16,"column":91},"end":{"line":16,"column":131}},"type":"cond-expr","locations":[{"start":{"line":16,"column":114},"end":{"line":16,"column":126}},{"start":{"line":16,"column":129},"end":{"line":16,"column":131}}],"line":16},"5":{"loc":{"start":{"line":16,"column":133},"end":{"line":16,"column":499}},"type":"if","locations":[{"start":{"line":16,"column":133},"end":{"line":16,"column":499}},{"start":{"line":16,"column":133},"end":{"line":16,"column":499}}],"line":16},"6":{"loc":{"start":{"line":16,"column":247},"end":{"line":16,"column":499}},"type":"if","locations":[{"start":{"line":16,"column":247},"end":{"line":16,"column":499}},{"start":{"line":16,"column":247},"end":{"line":16,"column":499}}],"line":16},"7":{"loc":{"start":{"line":18,"column":44},"end":{"line":18,"column":195}},"type":"if","locations":[{"start":{"line":18,"column":44},"end":{"line":18,"column":195}},{"start":{"line":18,"column":44},"end":{"line":18,"column":195}}],"line":18},"8":{"loc":{"start":{"line":20,"column":50},"end":{"line":20,"column":151}},"type":"if","locations":[{"start":{"line":20,"column":50},"end":{"line":20,"column":151}},{"start":{"line":20,"column":50},"end":{"line":20,"column":151}}],"line":20},"9":{"loc":{"start":{"line":22,"column":136},"end":{"line":22,"column":166}},"type":"binary-expr","locations":[{"start":{"line":22,"column":136},"end":{"line":22,"column":157}},{"start":{"line":22,"column":161},"end":{"line":22,"column":166}}],"line":22},"10":{"loc":{"start":{"line":22,"column":200},"end":{"line":22,"column":254}},"type":"if","locations":[{"start":{"line":22,"column":200},"end":{"line":22,"column":254}},{"start":{"line":22,"column":200},"end":{"line":22,"column":254}}],"line":22},"11":{"loc":{"start":{"line":24,"column":62},"end":{"line":24,"column":131}},"type":"if","locations":[{"start":{"line":24,"column":62},"end":{"line":24,"column":131}},{"start":{"line":24,"column":62},"end":{"line":24,"column":131}}],"line":24},"12":{"loc":{"start":{"line":24,"column":132},"end":{"line":24,"column":193}},"type":"if","locations":[{"start":{"line":24,"column":132},"end":{"line":24,"column":193}},{"start":{"line":24,"column":132},"end":{"line":24,"column":193}}],"line":24},"13":{"loc":{"start":{"line":40,"column":8},"end":{"line":45,"column":9}},"type":"if","locations":[{"start":{"line":40,"column":8},"end":{"line":45,"column":9}},{"start":{"line":40,"column":8},"end":{"line":45,"column":9}}],"line":40},"14":{"loc":{"start":{"line":60,"column":6},"end":{"line":65,"column":7}},"type":"if","locations":[{"start":{"line":60,"column":6},"end":{"line":65,"column":7}},{"start":{"line":60,"column":6},"end":{"line":65,"column":7}}],"line":60},"15":{"loc":{"start":{"line":78,"column":6},"end":{"line":83,"column":7}},"type":"if","locations":[{"start":{"line":78,"column":6},"end":{"line":83,"column":7}},{"start":{"line":78,"column":6},"end":{"line":83,"column":7}}],"line":78}},"s":{"0":1,"1":1,"2":1,"3":1,"4":2,"5":2,"6":2,"7":2,"8":2,"9":2,"10":0,"11":2,"12":2,"13":2,"14":2,"15":2,"16":2,"17":2,"18":12,"19":0,"20":0,"21":0,"22":0,"23":2,"24":12,"25":0,"26":12,"27":12,"28":1,"29":0,"30":1,"31":1,"32":3,"33":3,"34":3,"35":3,"36":3,"37":3,"38":1,"39":1,"40":1,"41":0,"42":1,"43":1,"44":1,"45":1,"46":1,"47":1,"48":1,"49":1,"50":0,"51":1,"52":1,"53":2,"54":2,"55":1,"56":1,"57":1,"58":2,"59":2,"60":1,"61":1,"62":1,"63":1,"64":1,"65":1},"f":{"0":2,"1":2,"2":0,"3":2,"4":12,"5":0,"6":12,"7":1,"8":1,"9":1,"10":1,"11":1,"12":1,"13":1,"14":2,"15":2},"b":{"0":[1,1],"1":[2,2],"2":[2,0],"3":[2,0],"4":[2,0],"5":[2,0],"6":[0,0],"7":[0,12],"8":[0,1],"9":[3,3],"10":[3,0],"11":[1,0],"12":[0,1],"13":[0,1],"14":[1,1],"15":[1,1]},"_coverageSchema":"43e27e138ebf9cfc5966b082cf9a028302ed4184","hash":"dc93d3803a5b0dd9d1dcf7a5ab2542d08addf31c","contentHash":"97a8f72c709a3a7a3b4a1e94ca17dc6cc08bee0d38ee62afc3f277ea9f47b910"},"C:\\my properties\\now\\andela's document\\BootComp\\FreeMentor\\server\\models\\sessionModels.js":{"path":"C:\\my properties\\now\\andela's document\\BootComp\\FreeMentor\\server\\models\\sessionModels.js","statementMap":{"0":{"start":{"line":3,"column":0},"end":{"line":5,"column":3}},"1":{"start":{"line":6,"column":0},"end":{"line":6,"column":28}},"2":{"start":{"line":8,"column":50},"end":{"line":8,"column":151}},"3":{"start":{"line":8,"column":92},"end":{"line":8,"column":149}},"4":{"start":{"line":10,"column":44},"end":{"line":10,"column":315}},"5":{"start":{"line":10,"column":57},"end":{"line":10,"column":58}},"6":{"start":{"line":10,"column":102},"end":{"line":10,"column":110}},"7":{"start":{"line":10,"column":112},"end":{"line":10,"column":167}},"8":{"start":{"line":10,"column":168},"end":{"line":10,"column":199}},"9":{"start":{"line":10,"column":200},"end":{"line":10,"column":254}},"10":{"start":{"line":10,"column":227},"end":{"line":10,"column":254}},"11":{"start":{"line":10,"column":255},"end":{"line":10,"column":313}},"12":{"start":{"line":12,"column":62},"end":{"line":12,"column":131}},"13":{"start":{"line":12,"column":78},"end":{"line":12,"column":131}},"14":{"start":{"line":12,"column":132},"end":{"line":12,"column":193}},"15":{"start":{"line":12,"column":149},"end":{"line":12,"column":193}},"16":{"start":{"line":12,"column":194},"end":{"line":12,"column":213}},"17":{"start":{"line":16,"column":0},"end":{"line":76,"column":3}},"18":{"start":{"line":18,"column":4},"end":{"line":18,"column":35}},"19":{"start":{"line":20,"column":4},"end":{"line":48,"column":7}},"20":{"start":{"line":51,"column":2},"end":{"line":73,"column":6}},"21":{"start":{"line":54,"column":22},"end":{"line":54,"column":45}},"22":{"start":{"line":55,"column":23},"end":{"line":62,"column":7}},"23":{"start":{"line":63,"column":6},"end":{"line":63,"column":36}},"24":{"start":{"line":64,"column":6},"end":{"line":64,"column":24}},"25":{"start":{"line":69,"column":6},"end":{"line":71,"column":9}},"26":{"start":{"line":70,"column":8},"end":{"line":70,"column":37}},"27":{"start":{"line":75,"column":2},"end":{"line":75,"column":17}},"28":{"start":{"line":78,"column":15},"end":{"line":78,"column":28}},"29":{"start":{"line":80,"column":0},"end":{"line":80,"column":30}}},"fnMap":{"0":{"name":"_classCallCheck","decl":{"start":{"line":8,"column":9},"end":{"line":8,"column":24}},"loc":{"start":{"line":8,"column":48},"end":{"line":8,"column":153}},"line":8},"1":{"name":"_defineProperties","decl":{"start":{"line":10,"column":9},"end":{"line":10,"column":26}},"loc":{"start":{"line":10,"column":42},"end":{"line":10,"column":317}},"line":10},"2":{"name":"_createClass","decl":{"start":{"line":12,"column":9},"end":{"line":12,"column":21}},"loc":{"start":{"line":12,"column":60},"end":{"line":12,"column":215}},"line":12},"3":{"name":"(anonymous_3)","decl":{"start":{"line":16,"column":0},"end":{"line":16,"column":1}},"loc":{"start":{"line":16,"column":12},"end":{"line":76,"column":1}},"line":16},"4":{"name":"session","decl":{"start":{"line":17,"column":11},"end":{"line":17,"column":18}},"loc":{"start":{"line":17,"column":21},"end":{"line":49,"column":3}},"line":17},"5":{"name":"create","decl":{"start":{"line":53,"column":20},"end":{"line":53,"column":26}},"loc":{"start":{"line":53,"column":44},"end":{"line":65,"column":5}},"line":53},"6":{"name":"findById","decl":{"start":{"line":68,"column":20},"end":{"line":68,"column":28}},"loc":{"start":{"line":68,"column":33},"end":{"line":72,"column":5}},"line":68},"7":{"name":"(anonymous_7)","decl":{"start":{"line":69,"column":31},"end":{"line":69,"column":32}},"loc":{"start":{"line":69,"column":48},"end":{"line":71,"column":7}},"line":69}},"branchMap":{"0":{"loc":{"start":{"line":8,"column":50},"end":{"line":8,"column":151}},"type":"if","locations":[{"start":{"line":8,"column":50},"end":{"line":8,"column":151}},{"start":{"line":8,"column":50},"end":{"line":8,"column":151}}],"line":8},"1":{"loc":{"start":{"line":10,"column":136},"end":{"line":10,"column":166}},"type":"binary-expr","locations":[{"start":{"line":10,"column":136},"end":{"line":10,"column":157}},{"start":{"line":10,"column":161},"end":{"line":10,"column":166}}],"line":10},"2":{"loc":{"start":{"line":10,"column":200},"end":{"line":10,"column":254}},"type":"if","locations":[{"start":{"line":10,"column":200},"end":{"line":10,"column":254}},{"start":{"line":10,"column":200},"end":{"line":10,"column":254}}],"line":10},"3":{"loc":{"start":{"line":12,"column":62},"end":{"line":12,"column":131}},"type":"if","locations":[{"start":{"line":12,"column":62},"end":{"line":12,"column":131}},{"start":{"line":12,"column":62},"end":{"line":12,"column":131}}],"line":12},"4":{"loc":{"start":{"line":12,"column":132},"end":{"line":12,"column":193}},"type":"if","locations":[{"start":{"line":12,"column":132},"end":{"line":12,"column":193}},{"start":{"line":12,"column":132},"end":{"line":12,"column":193}}],"line":12},"5":{"loc":{"start":{"line":57,"column":18},"end":{"line":57,"column":37}},"type":"binary-expr","locations":[{"start":{"line":57,"column":18},"end":{"line":57,"column":31}},{"start":{"line":57,"column":35},"end":{"line":57,"column":37}}],"line":57},"6":{"loc":{"start":{"line":59,"column":19},"end":{"line":59,"column":39}},"type":"binary-expr","locations":[{"start":{"line":59,"column":19},"end":{"line":59,"column":33}},{"start":{"line":59,"column":37},"end":{"line":59,"column":39}}],"line":59},"7":{"loc":{"start":{"line":61,"column":16},"end":{"line":61,"column":40}},"type":"binary-expr","locations":[{"start":{"line":61,"column":16},"end":{"line":61,"column":27}},{"start":{"line":61,"column":31},"end":{"line":61,"column":40}}],"line":61}},"s":{"0":1,"1":1,"2":1,"3":0,"4":1,"5":1,"6":2,"7":2,"8":2,"9":2,"10":2,"11":2,"12":1,"13":1,"14":1,"15":0,"16":1,"17":1,"18":1,"19":1,"20":1,"21":1,"22":1,"23":1,"24":1,"25":4,"26":12,"27":1,"28":1,"29":1},"f":{"0":1,"1":1,"2":1,"3":1,"4":1,"5":1,"6":4,"7":12},"b":{"0":[0,1],"1":[2,2],"2":[2,0],"3":[1,0],"4":[0,1],"5":[1,0],"6":[1,0],"7":[1,1]},"_coverageSchema":"43e27e138ebf9cfc5966b082cf9a028302ed4184","hash":"ded1d91159a7725f5063f846b0e7662e75b5f45f","contentHash":"7a0f60b1772c506f134bbf61f581e423f252aaaa5127a1a7480ed6ae47cb34db"},"C:\\my properties\\now\\andela's document\\BootComp\\FreeMentor\\server\\middleware\\error.handler.js":{"path":"C:\\my properties\\now\\andela's document\\BootComp\\FreeMentor\\server\\middleware\\error.handler.js","statementMap":{"0":{"start":{"line":3,"column":0},"end":{"line":5,"column":3}},"1":{"start":{"line":6,"column":0},"end":{"line":6,"column":28}},"2":{"start":{"line":8,"column":19},"end":{"line":13,"column":1}},"3":{"start":{"line":9,"column":2},"end":{"line":12,"column":5}},"4":{"start":{"line":15,"column":15},"end":{"line":15,"column":27}},"5":{"start":{"line":16,"column":0},"end":{"line":16,"column":30}}},"fnMap":{"0":{"name":"errorHandler","decl":{"start":{"line":8,"column":28},"end":{"line":8,"column":40}},"loc":{"start":{"line":8,"column":62},"end":{"line":13,"column":1}},"line":8}},"branchMap":{},"s":{"0":1,"1":1,"2":1,"3":0,"4":1,"5":1},"f":{"0":0},"b":{},"_coverageSchema":"43e27e138ebf9cfc5966b082cf9a028302ed4184","hash":"4baa2498d0cf7059e29400d2447cc4173a6483b0","contentHash":"d78836e3c8401889762c25a3ad2c15757773ed607fbd547a9fcbd5334a46b410"},"C:\\my properties\\now\\andela's document\\BootComp\\FreeMentor\\server\\test\\test.js":{"path":"C:\\my properties\\now\\andela's document\\BootComp\\FreeMentor\\server\\test\\test.js","statementMap":{"0":{"start":{"line":3,"column":12},"end":{"line":3,"column":51}},"1":{"start":{"line":5,"column":16},"end":{"line":5,"column":60}},"2":{"start":{"line":7,"column":14},"end":{"line":7,"column":58}},"3":{"start":{"line":9,"column":39},"end":{"line":9,"column":95}},"4":{"start":{"line":11,"column":13},"end":{"line":11,"column":36}},"5":{"start":{"line":13,"column":0},"end":{"line":13,"column":43}},"6":{"start":{"line":15,"column":11},"end":{"line":24,"column":1}},"7":{"start":{"line":25,"column":17},"end":{"line":34,"column":1}},"8":{"start":{"line":35,"column":16},"end":{"line":44,"column":1}},"9":{"start":{"line":45,"column":0},"end":{"line":71,"column":3}},"10":{"start":{"line":46,"column":2},"end":{"line":53,"column":5}},"11":{"start":{"line":47,"column":4},"end":{"line":52,"column":7}},"12":{"start":{"line":48,"column":6},"end":{"line":48,"column":42}},"13":{"start":{"line":49,"column":6},"end":{"line":49,"column":39}},"14":{"start":{"line":50,"column":6},"end":{"line":50,"column":92}},"15":{"start":{"line":51,"column":6},"end":{"line":51,"column":13}},"16":{"start":{"line":54,"column":2},"end":{"line":62,"column":5}},"17":{"start":{"line":55,"column":4},"end":{"line":61,"column":7}},"18":{"start":{"line":56,"column":6},"end":{"line":56,"column":42}},"19":{"start":{"line":57,"column":6},"end":{"line":57,"column":39}},"20":{"start":{"line":58,"column":6},"end":{"line":58,"column":72}},"21":{"start":{"line":59,"column":6},"end":{"line":59,"column":54}},"22":{"start":{"line":60,"column":6},"end":{"line":60,"column":13}},"23":{"start":{"line":63,"column":2},"end":{"line":70,"column":5}},"24":{"start":{"line":64,"column":4},"end":{"line":69,"column":7}},"25":{"start":{"line":65,"column":6},"end":{"line":65,"column":42}},"26":{"start":{"line":66,"column":6},"end":{"line":66,"column":39}},"27":{"start":{"line":68,"column":6},"end":{"line":68,"column":13}},"28":{"start":{"line":74,"column":17},"end":{"line":77,"column":1}},"29":{"start":{"line":78,"column":16},"end":{"line":81,"column":1}},"30":{"start":{"line":82,"column":0},"end":{"line":108,"column":3}},"31":{"start":{"line":83,"column":2},"end":{"line":90,"column":5}},"32":{"start":{"line":84,"column":4},"end":{"line":89,"column":7}},"33":{"start":{"line":85,"column":6},"end":{"line":85,"column":42}},"34":{"start":{"line":86,"column":6},"end":{"line":86,"column":39}},"35":{"start":{"line":87,"column":6},"end":{"line":87,"column":65}},"36":{"start":{"line":88,"column":6},"end":{"line":88,"column":13}},"37":{"start":{"line":91,"column":2},"end":{"line":99,"column":5}},"38":{"start":{"line":92,"column":4},"end":{"line":98,"column":7}},"39":{"start":{"line":93,"column":6},"end":{"line":93,"column":42}},"40":{"start":{"line":94,"column":6},"end":{"line":94,"column":39}},"41":{"start":{"line":95,"column":6},"end":{"line":95,"column":77}},"42":{"start":{"line":96,"column":6},"end":{"line":96,"column":54}},"43":{"start":{"line":97,"column":6},"end":{"line":97,"column":13}},"44":{"start":{"line":100,"column":2},"end":{"line":107,"column":5}},"45":{"start":{"line":101,"column":4},"end":{"line":106,"column":7}},"46":{"start":{"line":102,"column":6},"end":{"line":102,"column":42}},"47":{"start":{"line":103,"column":6},"end":{"line":103,"column":39}},"48":{"start":{"line":104,"column":6},"end":{"line":104,"column":71}},"49":{"start":{"line":105,"column":6},"end":{"line":105,"column":13}}},"fnMap":{"0":{"name":"_interopRequireDefault","decl":{"start":{"line":9,"column":9},"end":{"line":9,"column":31}},"loc":{"start":{"line":9,"column":37},"end":{"line":9,"column":97}},"line":9},"1":{"name":"(anonymous_1)","decl":{"start":{"line":45,"column":34},"end":{"line":45,"column":35}},"loc":{"start":{"line":45,"column":46},"end":{"line":71,"column":1}},"line":45},"2":{"name":"(anonymous_2)","decl":{"start":{"line":46,"column":57},"end":{"line":46,"column":58}},"loc":{"start":{"line":46,"column":73},"end":{"line":53,"column":3}},"line":46},"3":{"name":"(anonymous_3)","decl":{"start":{"line":47,"column":131},"end":{"line":47,"column":132}},"loc":{"start":{"line":47,"column":151},"end":{"line":52,"column":5}},"line":47},"4":{"name":"(anonymous_4)","decl":{"start":{"line":54,"column":48},"end":{"line":54,"column":49}},"loc":{"start":{"line":54,"column":64},"end":{"line":62,"column":3}},"line":54},"5":{"name":"(anonymous_5)","decl":{"start":{"line":55,"column":126},"end":{"line":55,"column":127}},"loc":{"start":{"line":55,"column":146},"end":{"line":61,"column":5}},"line":55},"6":{"name":"(anonymous_6)","decl":{"start":{"line":63,"column":58},"end":{"line":63,"column":59}},"loc":{"start":{"line":63,"column":74},"end":{"line":70,"column":3}},"line":63},"7":{"name":"(anonymous_7)","decl":{"start":{"line":64,"column":132},"end":{"line":64,"column":133}},"loc":{"start":{"line":64,"column":152},"end":{"line":69,"column":5}},"line":64},"8":{"name":"(anonymous_8)","decl":{"start":{"line":82,"column":34},"end":{"line":82,"column":35}},"loc":{"start":{"line":82,"column":46},"end":{"line":108,"column":1}},"line":82},"9":{"name":"(anonymous_9)","decl":{"start":{"line":83,"column":48},"end":{"line":83,"column":49}},"loc":{"start":{"line":83,"column":64},"end":{"line":90,"column":3}},"line":83},"10":{"name":"(anonymous_10)","decl":{"start":{"line":84,"column":132},"end":{"line":84,"column":133}},"loc":{"start":{"line":84,"column":152},"end":{"line":89,"column":5}},"line":84},"11":{"name":"(anonymous_11)","decl":{"start":{"line":91,"column":53},"end":{"line":91,"column":54}},"loc":{"start":{"line":91,"column":69},"end":{"line":99,"column":3}},"line":91},"12":{"name":"(anonymous_12)","decl":{"start":{"line":92,"column":131},"end":{"line":92,"column":132}},"loc":{"start":{"line":92,"column":151},"end":{"line":98,"column":5}},"line":92},"13":{"name":"(anonymous_13)","decl":{"start":{"line":100,"column":64},"end":{"line":100,"column":65}},"loc":{"start":{"line":100,"column":80},"end":{"line":107,"column":3}},"line":100},"14":{"name":"(anonymous_14)","decl":{"start":{"line":101,"column":131},"end":{"line":101,"column":132}},"loc":{"start":{"line":101,"column":151},"end":{"line":106,"column":5}},"line":101}},"branchMap":{"0":{"loc":{"start":{"line":9,"column":46},"end":{"line":9,"column":94}},"type":"cond-expr","locations":[{"start":{"line":9,"column":70},"end":{"line":9,"column":73}},{"start":{"line":9,"column":76},"end":{"line":9,"column":94}}],"line":9},"1":{"loc":{"start":{"line":9,"column":46},"end":{"line":9,"column":67}},"type":"binary-expr","locations":[{"start":{"line":9,"column":46},"end":{"line":9,"column":49}},{"start":{"line":9,"column":53},"end":{"line":9,"column":67}}],"line":9}},"s":{"0":1,"1":1,"2":1,"3":3,"4":1,"5":1,"6":1,"7":1,"8":1,"9":1,"10":1,"11":1,"12":1,"13":1,"14":1,"15":1,"16":1,"17":1,"18":1,"19":1,"20":1,"21":1,"22":1,"23":1,"24":1,"25":1,"26":1,"27":1,"28":1,"29":1,"30":1,"31":1,"32":1,"33":1,"34":1,"35":1,"36":1,"37":1,"38":1,"39":1,"40":1,"41":1,"42":1,"43":1,"44":1,"45":1,"46":1,"47":1,"48":1,"49":1},"f":{"0":3,"1":1,"2":1,"3":1,"4":1,"5":1,"6":1,"7":1,"8":1,"9":1,"10":1,"11":1,"12":1,"13":1,"14":1},"b":{"0":[1,2],"1":[3,3]},"_coverageSchema":"43e27e138ebf9cfc5966b082cf9a028302ed4184","hash":"8f19276a746d1eb99833bce218d25ce4174240e0","contentHash":"a52640a82c1f06398427f42f7c389fd3046aa512293511b17d56feaff9078968"}}